Dec 16 12:46:26.026494 alarmpizoki systemd[280]: Starting RPI remote mqtt...
Dec 16 12:46:26.059453 alarmpizoki systemd[280]: Started RPI remote mqtt.
Dec 16 12:47:44.517427 alarmpizoki python[287]: [16.12 12:47:44.515] [INF] [MAIN]: start begin
Dec 16 12:47:44.524839 alarmpizoki python[287]: [THREADMON]: initializing:
Dec 16 12:47:44.524839 alarmpizoki python[287]:         period = 5.0s
Dec 16 12:47:44.528909 alarmpizoki python[287]:         strategy = KILL PROCESS
Dec 16 12:47:44.532535 alarmpizoki python[287]: [THREADMON]: set exit strategy = SYSTEMD WATCHDOG TRIGGER
Dec 16 12:47:44.543364 alarmpizoki python[287]: [THREADMON]: WATCH[total=001]: { name=MainThread; native_id=287; ident=1996001296 }
Dec 16 12:47:45.205251 alarmpizoki python[287]: [16.12 12:47:45.203] [INF] [MAIN]: start end
Dec 16 12:47:45.211003 alarmpizoki python[287]: [THREADMON]: WATCH[total=002]: { name=Thread-2; native_id=302; ident=1967178720 }
Dec 16 12:47:45.223910 alarmpizoki python[287]: [16.12 12:47:45.208] [INF] [LOOP]: main begin
Dec 16 12:47:45.226778 alarmpizoki python[287]: [16.12 12:47:45.225] [INF] [LGC]: init begin
Dec 16 12:47:45.230350 alarmpizoki python[287]: [THREADMON]: WATCH[total=003]: { name=Thread-3; native_id=303; ident=1957688288 }
Dec 16 12:47:45.236392 alarmpizoki python[287]: [16.12 12:47:45.232] [INF] [RPI]: init begin
Dec 16 12:47:45.251343 alarmpizoki python[287]: [16.12 12:47:45.249] [INF] [INA]: gain set to 0.04V
Dec 16 12:47:45.263967 alarmpizoki python[287]: [16.12 12:47:45.262] [DBG] [INA]: shunt ohms: 0.100, bus max volts: 32, shunt volts max: 0.04, bus ADC: 12-bit, shunt ADC: 12-bit
Dec 16 12:47:45.267971 alarmpizoki python[287]: [16.12 12:47:45.266] [INF] [INA]: calibrate called with: bus max volts: 32V, max shunt volts: 0.04V
Dec 16 12:47:45.271134 alarmpizoki python[287]: [16.12 12:47:45.269] [INF] [INA]: max possible current: 0.400A
Dec 16 12:47:45.370119 alarmpizoki python[287]: [16.12 12:47:45.272] [INF] [INA]: current LSB: 1.220e-05 A/bit
Dec 16 12:47:45.378654 alarmpizoki python[287]: [16.12 12:47:45.377] [INF] [INA]: power LSB: 2.439e-04 W/bit
Dec 16 12:47:45.391350 alarmpizoki python[287]: [16.12 12:47:45.389] [INF] [INA]: max current before overflow: 0.3996A
Dec 16 12:47:45.407054 alarmpizoki python[287]: [16.12 12:47:45.405] [INF] [INA]: max shunt voltage before overflow: 39.9598mV
Dec 16 12:47:45.414057 alarmpizoki python[287]: [16.12 12:47:45.372] [INF] [MQTT]: CONNACK received with code Success.
Dec 16 12:47:45.442654 alarmpizoki python[287]: [16.12 12:47:45.410] [INF] [INA]: calibration: 0x8333 (33587)
Dec 16 12:47:45.446274 alarmpizoki python[287]: [16.12 12:47:45.445] [DBG] [INA]: calibration: 0x8333
Dec 16 12:47:45.449269 alarmpizoki python[287]: [16.12 12:47:45.447] [DBG] [INA]: write register 0x05: 0x8333 0b1000001100110011
Dec 16 12:47:45.463287 alarmpizoki python[287]: [16.12 12:47:45.422] [INF] [MQTT]: on_subscribe mid[1], granted_qos[[<paho.mqtt.reasoncodes.ReasonCodes object at 0x75fb6a48>]]
Dec 16 12:47:45.473264 alarmpizoki python[287]: Exception in thread Thread-2:
Dec 16 12:47:45.473264 alarmpizoki python[287]: Traceback (most recent call last):
Dec 16 12:47:45.473264 alarmpizoki python[287]:   File "/usr/lib/python3.9/site-packages/periphery/i2c.py", line 135, in transfer
Dec 16 12:47:45.473264 alarmpizoki python[287]:     fcntl.ioctl(self._fd, I2C._I2C_IOC_RDWR, i2c_xfer, False)
Dec 16 12:47:45.473264 alarmpizoki python[287]: OSError: [Errno 121] Remote I/O error
Dec 16 12:47:45.473264 alarmpizoki python[287]: During handling of the above exception, another exception occurred:
Dec 16 12:47:45.473264 alarmpizoki python[287]: Traceback (most recent call last):
Dec 16 12:47:45.473264 alarmpizoki python[287]:   File "/usr/lib/python3.9/threading.py", line 973, in _bootstrap_inner
Dec 16 12:47:45.503889 alarmpizoki python[287]:     self.run()
Dec 16 12:47:45.505219 alarmpizoki python[287]:   File "/usr/lib/python3.9/threading.py", line 910, in run
Dec 16 12:47:45.520366 alarmpizoki python[287]:     self._target(*self._args, **self._kwargs)
Dec 16 12:47:45.527403 alarmpizoki python[287]:   File "/home/alarm/git/rpi_remote_mqtt/src/main.py", line 29, in main
Dec 16 12:47:45.527403 alarmpizoki python[287]:     logic.init()
Dec 16 12:47:45.527403 alarmpizoki python[287]:   File "/home/alarm/git/rpi_remote_mqtt/src/logic_ekofarma.py", line 88, in init
Dec 16 12:47:45.544042 alarmpizoki python[287]:     rpi_peripherals.init()
Dec 16 12:47:45.544042 alarmpizoki python[287]:   File "/home/alarm/git/rpi_remote_mqtt/src/rpi_peripherals_ekofarma.py", line 72, in init
Dec 16 12:47:45.549463 alarmpizoki python[287]:     ina.configure()
Dec 16 12:47:45.549463 alarmpizoki python[287]:   File "/home/alarm/git/rpi_remote_mqtt/src/ina219.py", line 188, in configure
Dec 16 12:47:45.563219 alarmpizoki python[287]:     self._calibrate(
Dec 16 12:47:45.563219 alarmpizoki python[287]:   File "/home/alarm/git/rpi_remote_mqtt/src/ina219.py", line 312, in _calibrate
Dec 16 12:47:45.571912 alarmpizoki python[287]:     self._calibration_register(calibration)
Dec 16 12:47:45.573691 alarmpizoki python[287]:   File "/home/alarm/git/rpi_remote_mqtt/src/ina219.py", line 357, in _calibration_register
Dec 16 12:47:45.587115 alarmpizoki python[287]:     self.__write_register(self.__REG_CALIBRATION, register_value)
Dec 16 12:47:45.588472 alarmpizoki python[287]:   File "/home/alarm/git/rpi_remote_mqtt/src/ina219.py", line 386, in __write_register
Dec 16 12:47:45.602015 alarmpizoki python[287]:     self._i2c.transfer(self._address, msg)
Dec 16 12:47:45.603564 alarmpizoki python[287]:   File "/usr/lib/python3.9/site-packages/periphery/i2c.py", line 137, in transfer
Dec 16 12:47:45.625898 alarmpizoki python[287]:     raise I2CError(e.errno, "I2C transfer: " + e.strerror)
Dec 16 12:47:45.629790 alarmpizoki python[287]: periphery.i2c.I2CError: [Errno 121] I2C transfer: Remote I/O error
Dec 16 12:47:49.551832 alarmpizoki python[287]: [THREADMON]: DEAD: { name=Thread-2; native_id=302; ident=1967178720 }
Dec 16 12:47:49.559294 alarmpizoki python[287]: [THREADMON.EXIT][SYSTEMD]: stopping systemd notify and triggering systemd watchdog...
Dec 16 12:47:54.560673 alarmpizoki python[287]: [THREADMON]: DEAD: { name=Thread-2; native_id=302; ident=1967178720 }
Dec 16 12:47:54.567807 alarmpizoki python[287]: [THREADMON.EXIT][SYSTEMD]: stopping systemd notify and triggering systemd watchdog...
Dec 16 12:47:58.030244 alarmpizoki python[287]: [16.12 12:47:58.028] [INF] [MQTT]: on_message topic[device_outdoor/input/agregator_toggle], qos[1], payload[b'0']
Dec 16 12:47:58.041364 alarmpizoki python[287]: [16.12 12:47:58.034] [INF] [LGC]: set_mqtt agregator_toggle 0
Dec 16 12:47:59.570627 alarmpizoki python[287]: [THREADMON]: DEAD: { name=Thread-2; native_id=302; ident=1967178720 }
Dec 16 12:47:59.577385 alarmpizoki python[287]: [THREADMON.EXIT][SYSTEMD]: stopping systemd notify and triggering systemd watchdog...
Dec 16 12:48:04.580622 alarmpizoki python[287]: [THREADMON]: DEAD: { name=Thread-2; native_id=302; ident=1967178720 }
Dec 16 12:48:04.587433 alarmpizoki python[287]: [THREADMON.EXIT][SYSTEMD]: stopping systemd notify and triggering systemd watchdog...
Dec 16 12:48:09.590847 alarmpizoki python[287]: [THREADMON]: DEAD: { name=Thread-2; native_id=302; ident=1967178720 }
Dec 16 12:48:09.590847 alarmpizoki python[287]: [THREADMON.EXIT][SYSTEMD]: stopping systemd notify and triggering systemd watchdog...
Dec 16 12:48:14.597276 alarmpizoki python[287]: [THREADMON]: DEAD: { name=Thread-2; native_id=302; ident=1967178720 }
Dec 16 12:48:14.604539 alarmpizoki python[287]: [THREADMON.EXIT][SYSTEMD]: stopping systemd notify and triggering systemd watchdog...
Dec 16 12:48:19.611513 alarmpizoki python[287]: [THREADMON]: DEAD: { name=Thread-2; native_id=302; ident=1967178720 }
Dec 16 12:48:19.611513 alarmpizoki python[287]: [THREADMON.EXIT][SYSTEMD]: stopping systemd notify and triggering systemd watchdog...
Dec 16 12:48:24.617934 alarmpizoki python[287]: [THREADMON]: DEAD: { name=Thread-2; native_id=302; ident=1967178720 }
Dec 16 12:48:24.624655 alarmpizoki python[287]: [THREADMON.EXIT][SYSTEMD]: stopping systemd notify and triggering systemd watchdog...
Dec 16 12:48:29.630686 alarmpizoki python[287]: [THREADMON]: DEAD: { name=Thread-2; native_id=302; ident=1967178720 }
Dec 16 12:48:29.637770 alarmpizoki python[287]: [THREADMON.EXIT][SYSTEMD]: stopping systemd notify and triggering systemd watchdog...
Dec 16 12:48:34.639813 alarmpizoki python[287]: [THREADMON]: DEAD: { name=Thread-2; native_id=302; ident=1967178720 }
Dec 16 12:48:34.639813 alarmpizoki python[287]: [THREADMON.EXIT][SYSTEMD]: stopping systemd notify and triggering systemd watchdog...
Dec 16 12:48:39.645463 alarmpizoki python[287]: [THREADMON]: DEAD: { name=Thread-2; native_id=302; ident=1967178720 }
Dec 16 12:48:39.645463 alarmpizoki python[287]: [THREADMON.EXIT][SYSTEMD]: stopping systemd notify and triggering systemd watchdog...
Dec 16 12:48:44.652066 alarmpizoki python[287]: [THREADMON]: DEAD: { name=Thread-2; native_id=302; ident=1967178720 }
Dec 16 12:48:44.652066 alarmpizoki python[287]: [THREADMON.EXIT][SYSTEMD]: stopping systemd notify and triggering systemd watchdog...
Dec 16 12:48:46.407992 alarmpizoki python[287]: [16.12 12:48:46.406] [INF] [MQTT]: on_message topic[device_outdoor/input/agregator_toggle], qos[1], payload[b'0']
Dec 16 12:48:46.419156 alarmpizoki python[287]: [16.12 12:48:46.414] [INF] [LGC]: set_mqtt agregator_toggle 0
Dec 16 12:48:49.658467 alarmpizoki python[287]: [THREADMON]: DEAD: { name=Thread-2; native_id=302; ident=1967178720 }
Dec 16 12:48:49.670157 alarmpizoki python[287]: [THREADMON.EXIT][SYSTEMD]: stopping systemd notify and triggering systemd watchdog...
Dec 16 12:48:54.670790 alarmpizoki python[287]: [THREADMON]: DEAD: { name=Thread-2; native_id=302; ident=1967178720 }
Dec 16 12:48:54.677677 alarmpizoki python[287]: [THREADMON.EXIT][SYSTEMD]: stopping systemd notify and triggering systemd watchdog...
Dec 16 12:48:59.676293 alarmpizoki python[287]: [THREADMON]: DEAD: { name=Thread-2; native_id=302; ident=1967178720 }
Dec 16 12:48:59.676293 alarmpizoki python[287]: [THREADMON.EXIT][SYSTEMD]: stopping systemd notify and triggering systemd watchdog...
Dec 16 12:49:04.682658 alarmpizoki python[287]: [THREADMON]: DEAD: { name=Thread-2; native_id=302; ident=1967178720 }
Dec 16 12:49:04.689917 alarmpizoki python[287]: [THREADMON.EXIT][SYSTEMD]: stopping systemd notify and triggering systemd watchdog...
Dec 16 12:49:09.694456 alarmpizoki python[287]: [THREADMON]: DEAD: { name=Thread-2; native_id=302; ident=1967178720 }
Dec 16 12:49:09.694456 alarmpizoki python[287]: [THREADMON.EXIT][SYSTEMD]: stopping systemd notify and triggering systemd watchdog...
Dec 16 12:49:14.701688 alarmpizoki python[287]: [THREADMON]: DEAD: { name=Thread-2; native_id=302; ident=1967178720 }
Dec 16 12:49:14.701688 alarmpizoki python[287]: [THREADMON.EXIT][SYSTEMD]: stopping systemd notify and triggering systemd watchdog...
Dec 16 12:49:19.710588 alarmpizoki python[287]: [THREADMON]: DEAD: { name=Thread-2; native_id=302; ident=1967178720 }
Dec 16 12:49:19.710588 alarmpizoki python[287]: [THREADMON.EXIT][SYSTEMD]: stopping systemd notify and triggering systemd watchdog...
Dec 16 12:49:24.717062 alarmpizoki python[287]: [THREADMON]: DEAD: { name=Thread-2; native_id=302; ident=1967178720 }
Dec 16 12:49:24.724294 alarmpizoki python[287]: [THREADMON.EXIT][SYSTEMD]: stopping systemd notify and triggering systemd watchdog...
Dec 16 12:49:29.730580 alarmpizoki python[287]: [THREADMON]: DEAD: { name=Thread-2; native_id=302; ident=1967178720 }
Dec 16 12:49:29.730580 alarmpizoki python[287]: [THREADMON.EXIT][SYSTEMD]: stopping systemd notify and triggering systemd watchdog...
Dec 16 12:49:34.737076 alarmpizoki python[287]: [THREADMON]: DEAD: { name=Thread-2; native_id=302; ident=1967178720 }
Dec 16 12:49:34.744917 alarmpizoki python[287]: [THREADMON.EXIT][SYSTEMD]: stopping systemd notify and triggering systemd watchdog...
Dec 16 12:49:39.751522 alarmpizoki python[287]: [THREADMON]: DEAD: { name=Thread-2; native_id=302; ident=1967178720 }
Dec 16 12:49:39.751522 alarmpizoki python[287]: [THREADMON.EXIT][SYSTEMD]: stopping systemd notify and triggering systemd watchdog...
Dec 16 12:49:44.754599 alarmpizoki python[287]: [THREADMON]: DEAD: { name=Thread-2; native_id=302; ident=1967178720 }
Dec 16 12:49:44.761177 alarmpizoki python[287]: [THREADMON.EXIT][SYSTEMD]: stopping systemd notify and triggering systemd watchdog...
Dec 16 12:49:49.767576 alarmpizoki python[287]: [THREADMON]: DEAD: { name=Thread-2; native_id=302; ident=1967178720 }
Dec 16 12:49:49.779746 alarmpizoki python[287]: [THREADMON.EXIT][SYSTEMD]: stopping systemd notify and triggering systemd watchdog...
Dec 16 12:49:54.780690 alarmpizoki python[287]: [THREADMON]: DEAD: { name=Thread-2; native_id=302; ident=1967178720 }
Dec 16 12:49:54.787559 alarmpizoki python[287]: [THREADMON.EXIT][SYSTEMD]: stopping systemd notify and triggering systemd watchdog...
Dec 16 12:49:59.790699 alarmpizoki python[287]: [THREADMON]: DEAD: { name=Thread-2; native_id=302; ident=1967178720 }
Dec 16 12:49:59.798278 alarmpizoki python[287]: [THREADMON.EXIT][SYSTEMD]: stopping systemd notify and triggering systemd watchdog...
Dec 16 12:50:04.800834 alarmpizoki python[287]: [THREADMON]: DEAD: { name=Thread-2; native_id=302; ident=1967178720 }
Dec 16 12:50:04.807665 alarmpizoki python[287]: [THREADMON.EXIT][SYSTEMD]: stopping systemd notify and triggering systemd watchdog...
Dec 16 12:50:09.811403 alarmpizoki python[287]: [THREADMON]: DEAD: { name=Thread-2; native_id=302; ident=1967178720 }
Dec 16 12:50:09.811403 alarmpizoki python[287]: [THREADMON.EXIT][SYSTEMD]: stopping systemd notify and triggering systemd watchdog...
Dec 16 12:50:14.817855 alarmpizoki python[287]: [THREADMON]: DEAD: { name=Thread-2; native_id=302; ident=1967178720 }
Dec 16 12:50:14.824637 alarmpizoki python[287]: [THREADMON.EXIT][SYSTEMD]: stopping systemd notify and triggering systemd watchdog...
Dec 16 12:50:19.830662 alarmpizoki python[287]: [THREADMON]: DEAD: { name=Thread-2; native_id=302; ident=1967178720 }
Dec 16 12:50:19.843509 alarmpizoki python[287]: [THREADMON.EXIT][SYSTEMD]: stopping systemd notify and triggering systemd watchdog...
Dec 16 12:50:24.840555 alarmpizoki python[287]: [THREADMON]: DEAD: { name=Thread-2; native_id=302; ident=1967178720 }
Dec 16 12:50:24.847427 alarmpizoki python[287]: [THREADMON.EXIT][SYSTEMD]: stopping systemd notify and triggering systemd watchdog...
Dec 16 12:50:29.850629 alarmpizoki python[287]: [THREADMON]: DEAD: { name=Thread-2; native_id=302; ident=1967178720 }
Dec 16 12:50:29.857499 alarmpizoki python[287]: [THREADMON.EXIT][SYSTEMD]: stopping systemd notify and triggering systemd watchdog...
Dec 16 12:50:34.860650 alarmpizoki python[287]: [THREADMON]: DEAD: { name=Thread-2; native_id=302; ident=1967178720 }
Dec 16 12:50:34.868341 alarmpizoki python[287]: [THREADMON.EXIT][SYSTEMD]: stopping systemd notify and triggering systemd watchdog...
Dec 16 12:50:39.870630 alarmpizoki python[287]: [THREADMON]: DEAD: { name=Thread-2; native_id=302; ident=1967178720 }
Dec 16 12:50:39.877781 alarmpizoki python[287]: [THREADMON.EXIT][SYSTEMD]: stopping systemd notify and triggering systemd watchdog...
Dec 16 12:50:44.880641 alarmpizoki python[287]: [THREADMON]: DEAD: { name=Thread-2; native_id=302; ident=1967178720 }
Dec 16 12:50:44.887510 alarmpizoki python[287]: [THREADMON.EXIT][SYSTEMD]: stopping systemd notify and triggering systemd watchdog...
Dec 16 12:50:49.890595 alarmpizoki python[287]: [THREADMON]: DEAD: { name=Thread-2; native_id=302; ident=1967178720 }
Dec 16 12:50:49.902351 alarmpizoki python[287]: [THREADMON.EXIT][SYSTEMD]: stopping systemd notify and triggering systemd watchdog...
Dec 16 12:50:54.908760 alarmpizoki python[287]: [THREADMON]: DEAD: { name=Thread-2; native_id=302; ident=1967178720 }
Dec 16 12:50:54.915578 alarmpizoki python[287]: [THREADMON.EXIT][SYSTEMD]: stopping systemd notify and triggering systemd watchdog...
Dec 16 12:50:59.920440 alarmpizoki python[287]: [THREADMON]: DEAD: { name=Thread-2; native_id=302; ident=1967178720 }
Dec 16 12:50:59.927287 alarmpizoki python[287]: [THREADMON.EXIT][SYSTEMD]: stopping systemd notify and triggering systemd watchdog...
Dec 16 12:51:04.930518 alarmpizoki python[287]: [THREADMON]: DEAD: { name=Thread-2; native_id=302; ident=1967178720 }
Dec 16 12:51:04.938070 alarmpizoki python[287]: [THREADMON.EXIT][SYSTEMD]: stopping systemd notify and triggering systemd watchdog...
Dec 16 12:51:09.940545 alarmpizoki python[287]: [THREADMON]: DEAD: { name=Thread-2; native_id=302; ident=1967178720 }
Dec 16 12:51:09.947591 alarmpizoki python[287]: [THREADMON.EXIT][SYSTEMD]: stopping systemd notify and triggering systemd watchdog...
Dec 16 12:51:14.950559 alarmpizoki python[287]: [THREADMON]: DEAD: { name=Thread-2; native_id=302; ident=1967178720 }
Dec 16 12:51:14.958023 alarmpizoki python[287]: [THREADMON.EXIT][SYSTEMD]: stopping systemd notify and triggering systemd watchdog...
Dec 16 12:51:19.960550 alarmpizoki python[287]: [THREADMON]: DEAD: { name=Thread-2; native_id=302; ident=1967178720 }
Dec 16 12:51:19.983687 alarmpizoki python[287]: [THREADMON.EXIT][SYSTEMD]: stopping systemd notify and triggering systemd watchdog...
Dec 16 12:51:24.970573 alarmpizoki python[287]: [THREADMON]: DEAD: { name=Thread-2; native_id=302; ident=1967178720 }
Dec 16 12:51:24.977332 alarmpizoki python[287]: [THREADMON.EXIT][SYSTEMD]: stopping systemd notify and triggering systemd watchdog...
Dec 16 12:51:29.980600 alarmpizoki python[287]: [THREADMON]: DEAD: { name=Thread-2; native_id=302; ident=1967178720 }
Dec 16 12:51:29.987489 alarmpizoki python[287]: [THREADMON.EXIT][SYSTEMD]: stopping systemd notify and triggering systemd watchdog...
Dec 16 12:51:34.990613 alarmpizoki python[287]: [THREADMON]: DEAD: { name=Thread-2; native_id=302; ident=1967178720 }
Dec 16 12:51:34.997473 alarmpizoki python[287]: [THREADMON.EXIT][SYSTEMD]: stopping systemd notify and triggering systemd watchdog...
Dec 16 12:51:40.000602 alarmpizoki python[287]: [THREADMON]: DEAD: { name=Thread-2; native_id=302; ident=1967178720 }
Dec 16 12:51:40.007485 alarmpizoki python[287]: [THREADMON.EXIT][SYSTEMD]: stopping systemd notify and triggering systemd watchdog...
Dec 16 12:51:45.010609 alarmpizoki python[287]: [THREADMON]: DEAD: { name=Thread-2; native_id=302; ident=1967178720 }
Dec 16 12:51:45.017479 alarmpizoki python[287]: [THREADMON.EXIT][SYSTEMD]: stopping systemd notify and triggering systemd watchdog...
Dec 16 12:51:50.020548 alarmpizoki python[287]: [THREADMON]: DEAD: { name=Thread-2; native_id=302; ident=1967178720 }
Dec 16 12:51:50.033199 alarmpizoki python[287]: [THREADMON.EXIT][SYSTEMD]: stopping systemd notify and triggering systemd watchdog...
Dec 16 12:51:55.039392 alarmpizoki python[287]: [THREADMON]: DEAD: { name=Thread-2; native_id=302; ident=1967178720 }
Dec 16 12:51:55.046216 alarmpizoki python[287]: [THREADMON.EXIT][SYSTEMD]: stopping systemd notify and triggering systemd watchdog...
Dec 16 12:52:00.050827 alarmpizoki python[287]: [THREADMON]: DEAD: { name=Thread-2; native_id=302; ident=1967178720 }
Dec 16 12:52:00.050827 alarmpizoki python[287]: [THREADMON.EXIT][SYSTEMD]: stopping systemd notify and triggering systemd watchdog...
Dec 16 12:52:05.057215 alarmpizoki python[287]: [THREADMON]: DEAD: { name=Thread-2; native_id=302; ident=1967178720 }
Dec 16 12:52:05.064407 alarmpizoki python[287]: [THREADMON.EXIT][SYSTEMD]: stopping systemd notify and triggering systemd watchdog...
Dec 16 12:52:10.071600 alarmpizoki python[287]: [THREADMON]: DEAD: { name=Thread-2; native_id=302; ident=1967178720 }
Dec 16 12:52:10.071600 alarmpizoki python[287]: [THREADMON.EXIT][SYSTEMD]: stopping systemd notify and triggering systemd watchdog...
Dec 16 12:52:15.076972 alarmpizoki python[287]: [THREADMON]: DEAD: { name=Thread-2; native_id=302; ident=1967178720 }
Dec 16 12:52:15.076972 alarmpizoki python[287]: [THREADMON.EXIT][SYSTEMD]: stopping systemd notify and triggering systemd watchdog...
Dec 16 12:52:20.084311 alarmpizoki python[287]: [THREADMON]: DEAD: { name=Thread-2; native_id=302; ident=1967178720 }
Dec 16 12:52:20.084311 alarmpizoki python[287]: [THREADMON.EXIT][SYSTEMD]: stopping systemd notify and triggering systemd watchdog...
Dec 16 12:52:25.091469 alarmpizoki python[287]: [THREADMON]: DEAD: { name=Thread-2; native_id=302; ident=1967178720 }
Dec 16 12:52:25.091469 alarmpizoki python[287]: [THREADMON.EXIT][SYSTEMD]: stopping systemd notify and triggering systemd watchdog...
Dec 16 12:52:30.098645 alarmpizoki python[287]: [THREADMON]: DEAD: { name=Thread-2; native_id=302; ident=1967178720 }
Dec 16 12:52:30.098645 alarmpizoki python[287]: [THREADMON.EXIT][SYSTEMD]: stopping systemd notify and triggering systemd watchdog...
Dec 16 12:52:35.104681 alarmpizoki python[287]: [THREADMON]: DEAD: { name=Thread-2; native_id=302; ident=1967178720 }
Dec 16 12:52:35.111857 alarmpizoki python[287]: [THREADMON.EXIT][SYSTEMD]: stopping systemd notify and triggering systemd watchdog...
Dec 16 12:52:40.114549 alarmpizoki python[287]: [THREADMON]: DEAD: { name=Thread-2; native_id=302; ident=1967178720 }
Dec 16 12:52:40.121593 alarmpizoki python[287]: [THREADMON.EXIT][SYSTEMD]: stopping systemd notify and triggering systemd watchdog...
Dec 16 12:52:45.127566 alarmpizoki python[287]: [THREADMON]: DEAD: { name=Thread-2; native_id=302; ident=1967178720 }
Dec 16 12:52:45.134294 alarmpizoki python[287]: [THREADMON.EXIT][SYSTEMD]: stopping systemd notify and triggering systemd watchdog...
Dec 16 12:52:50.140645 alarmpizoki python[287]: [THREADMON]: DEAD: { name=Thread-2; native_id=302; ident=1967178720 }
Dec 16 12:52:50.152459 alarmpizoki python[287]: [THREADMON.EXIT][SYSTEMD]: stopping systemd notify and triggering systemd watchdog...
Dec 16 12:52:55.154521 alarmpizoki python[287]: [THREADMON]: DEAD: { name=Thread-2; native_id=302; ident=1967178720 }
Dec 16 12:52:55.161245 alarmpizoki python[287]: [THREADMON.EXIT][SYSTEMD]: stopping systemd notify and triggering systemd watchdog...
Dec 16 12:53:00.164511 alarmpizoki python[287]: [THREADMON]: DEAD: { name=Thread-2; native_id=302; ident=1967178720 }
Dec 16 12:53:00.171137 alarmpizoki python[287]: [THREADMON.EXIT][SYSTEMD]: stopping systemd notify and triggering systemd watchdog...
Dec 16 12:53:05.177492 alarmpizoki python[287]: [THREADMON]: DEAD: { name=Thread-2; native_id=302; ident=1967178720 }
Dec 16 12:53:05.184316 alarmpizoki python[287]: [THREADMON.EXIT][SYSTEMD]: stopping systemd notify and triggering systemd watchdog...
Dec 16 12:53:10.190645 alarmpizoki python[287]: [THREADMON]: DEAD: { name=Thread-2; native_id=302; ident=1967178720 }
Dec 16 12:53:10.198256 alarmpizoki python[287]: [THREADMON.EXIT][SYSTEMD]: stopping systemd notify and triggering systemd watchdog...
Dec 16 12:53:15.200614 alarmpizoki python[287]: [THREADMON]: DEAD: { name=Thread-2; native_id=302; ident=1967178720 }
Dec 16 12:53:15.207472 alarmpizoki python[287]: [THREADMON.EXIT][SYSTEMD]: stopping systemd notify and triggering systemd watchdog...
Dec 16 12:53:20.210591 alarmpizoki python[287]: [THREADMON]: DEAD: { name=Thread-2; native_id=302; ident=1967178720 }
Dec 16 12:53:20.222215 alarmpizoki python[287]: [THREADMON.EXIT][SYSTEMD]: stopping systemd notify and triggering systemd watchdog...
Dec 16 12:53:25.220608 alarmpizoki python[287]: [THREADMON]: DEAD: { name=Thread-2; native_id=302; ident=1967178720 }
Dec 16 12:53:25.227455 alarmpizoki python[287]: [THREADMON.EXIT][SYSTEMD]: stopping systemd notify and triggering systemd watchdog...
Dec 16 12:53:30.230628 alarmpizoki python[287]: [THREADMON]: DEAD: { name=Thread-2; native_id=302; ident=1967178720 }
Dec 16 12:53:30.237501 alarmpizoki python[287]: [THREADMON.EXIT][SYSTEMD]: stopping systemd notify and triggering systemd watchdog...
Dec 16 12:53:35.240588 alarmpizoki python[287]: [THREADMON]: DEAD: { name=Thread-2; native_id=302; ident=1967178720 }
Dec 16 12:53:35.247390 alarmpizoki python[287]: [THREADMON.EXIT][SYSTEMD]: stopping systemd notify and triggering systemd watchdog...
Dec 16 12:53:40.250568 alarmpizoki python[287]: [THREADMON]: DEAD: { name=Thread-2; native_id=302; ident=1967178720 }
Dec 16 12:53:40.257441 alarmpizoki python[287]: [THREADMON.EXIT][SYSTEMD]: stopping systemd notify and triggering systemd watchdog...
Dec 16 12:53:45.263235 alarmpizoki python[287]: [THREADMON]: DEAD: { name=Thread-2; native_id=302; ident=1967178720 }
Dec 16 12:53:45.263235 alarmpizoki python[287]: [THREADMON.EXIT][SYSTEMD]: stopping systemd notify and triggering systemd watchdog...
Dec 16 12:53:50.269411 alarmpizoki python[287]: [THREADMON]: DEAD: { name=Thread-2; native_id=302; ident=1967178720 }
Dec 16 12:53:50.281364 alarmpizoki python[287]: [THREADMON.EXIT][SYSTEMD]: stopping systemd notify and triggering systemd watchdog...
Dec 16 12:53:55.280980 alarmpizoki python[287]: [THREADMON]: DEAD: { name=Thread-2; native_id=302; ident=1967178720 }
Dec 16 12:53:55.287758 alarmpizoki python[287]: [THREADMON.EXIT][SYSTEMD]: stopping systemd notify and triggering systemd watchdog...
Dec 16 12:54:00.290568 alarmpizoki python[287]: [THREADMON]: DEAD: { name=Thread-2; native_id=302; ident=1967178720 }
Dec 16 12:54:00.297382 alarmpizoki python[287]: [THREADMON.EXIT][SYSTEMD]: stopping systemd notify and triggering systemd watchdog...
Dec 16 12:54:05.300574 alarmpizoki python[287]: [THREADMON]: DEAD: { name=Thread-2; native_id=302; ident=1967178720 }
Dec 16 12:54:05.307490 alarmpizoki python[287]: [THREADMON.EXIT][SYSTEMD]: stopping systemd notify and triggering systemd watchdog...
Dec 16 12:54:10.310570 alarmpizoki python[287]: [THREADMON]: DEAD: { name=Thread-2; native_id=302; ident=1967178720 }
Dec 16 12:54:10.317361 alarmpizoki python[287]: [THREADMON.EXIT][SYSTEMD]: stopping systemd notify and triggering systemd watchdog...
Dec 16 12:54:15.320571 alarmpizoki python[287]: [THREADMON]: DEAD: { name=Thread-2; native_id=302; ident=1967178720 }
Dec 16 12:54:15.327667 alarmpizoki python[287]: [THREADMON.EXIT][SYSTEMD]: stopping systemd notify and triggering systemd watchdog...
Dec 16 12:54:20.330620 alarmpizoki python[287]: [THREADMON]: DEAD: { name=Thread-2; native_id=302; ident=1967178720 }
Dec 16 12:54:20.343229 alarmpizoki python[287]: [THREADMON.EXIT][SYSTEMD]: stopping systemd notify and triggering systemd watchdog...
Dec 16 12:54:25.340629 alarmpizoki python[287]: [THREADMON]: DEAD: { name=Thread-2; native_id=302; ident=1967178720 }
Dec 16 12:54:25.347469 alarmpizoki python[287]: [THREADMON.EXIT][SYSTEMD]: stopping systemd notify and triggering systemd watchdog...
Dec 16 12:54:30.350603 alarmpizoki python[287]: [THREADMON]: DEAD: { name=Thread-2; native_id=302; ident=1967178720 }
Dec 16 12:54:30.357453 alarmpizoki python[287]: [THREADMON.EXIT][SYSTEMD]: stopping systemd notify and triggering systemd watchdog...
Dec 16 12:54:35.360581 alarmpizoki python[287]: [THREADMON]: DEAD: { name=Thread-2; native_id=302; ident=1967178720 }
Dec 16 12:54:35.367432 alarmpizoki python[287]: [THREADMON.EXIT][SYSTEMD]: stopping systemd notify and triggering systemd watchdog...
Dec 16 12:54:40.370579 alarmpizoki python[287]: [THREADMON]: DEAD: { name=Thread-2; native_id=302; ident=1967178720 }
Dec 16 12:54:40.377440 alarmpizoki python[287]: [THREADMON.EXIT][SYSTEMD]: stopping systemd notify and triggering systemd watchdog...
Dec 16 12:54:45.380572 alarmpizoki python[287]: [THREADMON]: DEAD: { name=Thread-2; native_id=302; ident=1967178720 }
Dec 16 12:54:45.387379 alarmpizoki python[287]: [THREADMON.EXIT][SYSTEMD]: stopping systemd notify and triggering systemd watchdog...
Dec 16 12:54:50.390609 alarmpizoki python[287]: [THREADMON]: DEAD: { name=Thread-2; native_id=302; ident=1967178720 }
Dec 16 12:54:50.402458 alarmpizoki python[287]: [THREADMON.EXIT][SYSTEMD]: stopping systemd notify and triggering systemd watchdog...
Dec 16 12:54:55.400589 alarmpizoki python[287]: [THREADMON]: DEAD: { name=Thread-2; native_id=302; ident=1967178720 }
Dec 16 12:54:55.408224 alarmpizoki python[287]: [THREADMON.EXIT][SYSTEMD]: stopping systemd notify and triggering systemd watchdog...
Dec 16 12:55:00.410587 alarmpizoki python[287]: [THREADMON]: DEAD: { name=Thread-2; native_id=302; ident=1967178720 }
Dec 16 12:55:00.417853 alarmpizoki python[287]: [THREADMON.EXIT][SYSTEMD]: stopping systemd notify and triggering systemd watchdog...
Dec 16 12:55:05.420572 alarmpizoki python[287]: [THREADMON]: DEAD: { name=Thread-2; native_id=302; ident=1967178720 }
Dec 16 12:55:05.429410 alarmpizoki python[287]: [THREADMON.EXIT][SYSTEMD]: stopping systemd notify and triggering systemd watchdog...
Dec 16 12:55:10.430592 alarmpizoki python[287]: [THREADMON]: DEAD: { name=Thread-2; native_id=302; ident=1967178720 }
Dec 16 12:55:10.437584 alarmpizoki python[287]: [THREADMON.EXIT][SYSTEMD]: stopping systemd notify and triggering systemd watchdog...
Dec 16 12:55:15.443260 alarmpizoki python[287]: [THREADMON]: DEAD: { name=Thread-2; native_id=302; ident=1967178720 }
Dec 16 12:55:15.443260 alarmpizoki python[287]: [THREADMON.EXIT][SYSTEMD]: stopping systemd notify and triggering systemd watchdog...
Dec 16 12:55:20.456612 alarmpizoki python[287]: [THREADMON]: DEAD: { name=Thread-2; native_id=302; ident=1967178720 }
Dec 16 12:55:20.468599 alarmpizoki python[287]: [THREADMON.EXIT][SYSTEMD]: stopping systemd notify and triggering systemd watchdog...
Dec 16 12:55:25.470833 alarmpizoki python[287]: [THREADMON]: DEAD: { name=Thread-2; native_id=302; ident=1967178720 }
Dec 16 12:55:25.477638 alarmpizoki python[287]: [THREADMON.EXIT][SYSTEMD]: stopping systemd notify and triggering systemd watchdog...
Dec 16 12:55:30.480568 alarmpizoki python[287]: [THREADMON]: DEAD: { name=Thread-2; native_id=302; ident=1967178720 }
Dec 16 12:55:30.487585 alarmpizoki python[287]: [THREADMON.EXIT][SYSTEMD]: stopping systemd notify and triggering systemd watchdog...
Dec 16 12:55:35.490565 alarmpizoki python[287]: [THREADMON]: DEAD: { name=Thread-2; native_id=302; ident=1967178720 }
Dec 16 12:55:35.497588 alarmpizoki python[287]: [THREADMON.EXIT][SYSTEMD]: stopping systemd notify and triggering systemd watchdog...
Dec 16 12:55:40.500573 alarmpizoki python[287]: [THREADMON]: DEAD: { name=Thread-2; native_id=302; ident=1967178720 }
Dec 16 12:55:40.508254 alarmpizoki python[287]: [THREADMON.EXIT][SYSTEMD]: stopping systemd notify and triggering systemd watchdog...
Dec 16 12:55:45.510573 alarmpizoki python[287]: [THREADMON]: DEAD: { name=Thread-2; native_id=302; ident=1967178720 }
Dec 16 12:55:45.519021 alarmpizoki python[287]: [THREADMON.EXIT][SYSTEMD]: stopping systemd notify and triggering systemd watchdog...
Dec 16 12:55:50.520608 alarmpizoki python[287]: [THREADMON]: DEAD: { name=Thread-2; native_id=302; ident=1967178720 }
Dec 16 12:55:50.532418 alarmpizoki python[287]: [THREADMON.EXIT][SYSTEMD]: stopping systemd notify and triggering systemd watchdog...
Dec 16 12:55:55.534751 alarmpizoki python[287]: [THREADMON]: DEAD: { name=Thread-2; native_id=302; ident=1967178720 }
Dec 16 12:55:55.534751 alarmpizoki python[287]: [THREADMON.EXIT][SYSTEMD]: stopping systemd notify and triggering systemd watchdog...
Dec 16 12:56:00.541278 alarmpizoki python[287]: [THREADMON]: DEAD: { name=Thread-2; native_id=302; ident=1967178720 }
Dec 16 12:56:00.541278 alarmpizoki python[287]: [THREADMON.EXIT][SYSTEMD]: stopping systemd notify and triggering systemd watchdog...
Dec 16 12:56:05.547862 alarmpizoki python[287]: [THREADMON]: DEAD: { name=Thread-2; native_id=302; ident=1967178720 }
Dec 16 12:56:05.547862 alarmpizoki python[287]: [THREADMON.EXIT][SYSTEMD]: stopping systemd notify and triggering systemd watchdog...
Dec 16 12:56:10.554508 alarmpizoki python[287]: [THREADMON]: DEAD: { name=Thread-2; native_id=302; ident=1967178720 }
Dec 16 12:56:10.554508 alarmpizoki python[287]: [THREADMON.EXIT][SYSTEMD]: stopping systemd notify and triggering systemd watchdog...
Dec 16 12:56:15.561056 alarmpizoki python[287]: [THREADMON]: DEAD: { name=Thread-2; native_id=302; ident=1967178720 }
Dec 16 12:56:15.561056 alarmpizoki python[287]: [THREADMON.EXIT][SYSTEMD]: stopping systemd notify and triggering systemd watchdog...
Dec 16 12:56:20.567617 alarmpizoki python[287]: [THREADMON]: DEAD: { name=Thread-2; native_id=302; ident=1967178720 }
Dec 16 12:56:20.567617 alarmpizoki python[287]: [THREADMON.EXIT][SYSTEMD]: stopping systemd notify and triggering systemd watchdog...
Dec 16 12:56:25.574282 alarmpizoki python[287]: [THREADMON]: DEAD: { name=Thread-2; native_id=302; ident=1967178720 }
Dec 16 12:56:25.574282 alarmpizoki python[287]: [THREADMON.EXIT][SYSTEMD]: stopping systemd notify and triggering systemd watchdog...
Dec 16 12:56:30.580660 alarmpizoki python[287]: [THREADMON]: DEAD: { name=Thread-2; native_id=302; ident=1967178720 }
Dec 16 12:56:30.587628 alarmpizoki python[287]: [THREADMON.EXIT][SYSTEMD]: stopping systemd notify and triggering systemd watchdog...
Dec 16 12:56:35.590809 alarmpizoki python[287]: [THREADMON]: DEAD: { name=Thread-2; native_id=302; ident=1967178720 }
Dec 16 12:56:35.590809 alarmpizoki python[287]: [THREADMON.EXIT][SYSTEMD]: stopping systemd notify and triggering systemd watchdog...
Dec 16 12:56:40.597347 alarmpizoki python[287]: [THREADMON]: DEAD: { name=Thread-2; native_id=302; ident=1967178720 }
Dec 16 12:56:40.597347 alarmpizoki python[287]: [THREADMON.EXIT][SYSTEMD]: stopping systemd notify and triggering systemd watchdog...
Dec 16 12:56:45.604813 alarmpizoki python[287]: [THREADMON]: DEAD: { name=Thread-2; native_id=302; ident=1967178720 }
Dec 16 12:56:45.604813 alarmpizoki python[287]: [THREADMON.EXIT][SYSTEMD]: stopping systemd notify and triggering systemd watchdog...
Dec 16 12:56:50.610434 alarmpizoki python[287]: [THREADMON]: DEAD: { name=Thread-2; native_id=302; ident=1967178720 }
Dec 16 12:56:50.622868 alarmpizoki python[287]: [THREADMON.EXIT][SYSTEMD]: stopping systemd notify and triggering systemd watchdog...
Dec 16 12:56:55.620912 alarmpizoki python[287]: [THREADMON]: DEAD: { name=Thread-2; native_id=302; ident=1967178720 }
Dec 16 12:56:55.620912 alarmpizoki python[287]: [THREADMON.EXIT][SYSTEMD]: stopping systemd notify and triggering systemd watchdog...
Dec 16 12:57:00.627478 alarmpizoki python[287]: [THREADMON]: DEAD: { name=Thread-2; native_id=302; ident=1967178720 }
Dec 16 12:57:00.627478 alarmpizoki python[287]: [THREADMON.EXIT][SYSTEMD]: stopping systemd notify and triggering systemd watchdog...
Dec 16 12:57:05.633982 alarmpizoki python[287]: [THREADMON]: DEAD: { name=Thread-2; native_id=302; ident=1967178720 }
Dec 16 12:57:05.641467 alarmpizoki python[287]: [THREADMON.EXIT][SYSTEMD]: stopping systemd notify and triggering systemd watchdog...
Dec 16 12:57:10.644722 alarmpizoki python[287]: [THREADMON]: DEAD: { name=Thread-2; native_id=302; ident=1967178720 }
Dec 16 12:57:10.644722 alarmpizoki python[287]: [THREADMON.EXIT][SYSTEMD]: stopping systemd notify and triggering systemd watchdog...
Dec 16 12:57:15.651310 alarmpizoki python[287]: [THREADMON]: DEAD: { name=Thread-2; native_id=302; ident=1967178720 }
Dec 16 12:57:15.651310 alarmpizoki python[287]: [THREADMON.EXIT][SYSTEMD]: stopping systemd notify and triggering systemd watchdog...
Dec 16 12:57:20.657860 alarmpizoki python[287]: [THREADMON]: DEAD: { name=Thread-2; native_id=302; ident=1967178720 }
Dec 16 12:57:20.657860 alarmpizoki python[287]: [THREADMON.EXIT][SYSTEMD]: stopping systemd notify and triggering systemd watchdog...
Dec 16 12:57:25.664560 alarmpizoki python[287]: [THREADMON]: DEAD: { name=Thread-2; native_id=302; ident=1967178720 }
Dec 16 12:57:25.664560 alarmpizoki python[287]: [THREADMON.EXIT][SYSTEMD]: stopping systemd notify and triggering systemd watchdog...
Dec 16 12:57:30.671138 alarmpizoki python[287]: [THREADMON]: DEAD: { name=Thread-2; native_id=302; ident=1967178720 }
Dec 16 12:57:30.671138 alarmpizoki python[287]: [THREADMON.EXIT][SYSTEMD]: stopping systemd notify and triggering systemd watchdog...
Dec 16 12:57:35.674714 alarmpizoki python[287]: [THREADMON]: DEAD: { name=Thread-2; native_id=302; ident=1967178720 }
Dec 16 12:57:35.674714 alarmpizoki python[287]: [THREADMON.EXIT][SYSTEMD]: stopping systemd notify and triggering systemd watchdog...
Dec 16 12:57:40.681269 alarmpizoki python[287]: [THREADMON]: DEAD: { name=Thread-2; native_id=302; ident=1967178720 }
Dec 16 12:57:40.681269 alarmpizoki python[287]: [THREADMON.EXIT][SYSTEMD]: stopping systemd notify and triggering systemd watchdog...
Dec 16 12:57:45.687659 alarmpizoki python[287]: [THREADMON]: DEAD: { name=Thread-2; native_id=302; ident=1967178720 }
Dec 16 12:57:45.694478 alarmpizoki python[287]: [THREADMON.EXIT][SYSTEMD]: stopping systemd notify and triggering systemd watchdog...
Dec 16 12:57:50.700701 alarmpizoki python[287]: [THREADMON]: DEAD: { name=Thread-2; native_id=302; ident=1967178720 }
Dec 16 12:57:50.712537 alarmpizoki python[287]: [THREADMON.EXIT][SYSTEMD]: stopping systemd notify and triggering systemd watchdog...
Dec 16 12:57:55.715321 alarmpizoki python[287]: [THREADMON]: DEAD: { name=Thread-2; native_id=302; ident=1967178720 }
Dec 16 12:57:55.715321 alarmpizoki python[287]: [THREADMON.EXIT][SYSTEMD]: stopping systemd notify and triggering systemd watchdog...
Dec 16 12:58:00.722501 alarmpizoki python[287]: [THREADMON]: DEAD: { name=Thread-2; native_id=302; ident=1967178720 }
Dec 16 12:58:00.722501 alarmpizoki python[287]: [THREADMON.EXIT][SYSTEMD]: stopping systemd notify and triggering systemd watchdog...
Dec 16 12:58:05.724706 alarmpizoki python[287]: [THREADMON]: DEAD: { name=Thread-2; native_id=302; ident=1967178720 }
Dec 16 12:58:05.724706 alarmpizoki python[287]: [THREADMON.EXIT][SYSTEMD]: stopping systemd notify and triggering systemd watchdog...
Dec 16 12:58:10.731284 alarmpizoki python[287]: [THREADMON]: DEAD: { name=Thread-2; native_id=302; ident=1967178720 }
Dec 16 12:58:10.731284 alarmpizoki python[287]: [THREADMON.EXIT][SYSTEMD]: stopping systemd notify and triggering systemd watchdog...
Dec 16 12:58:15.738606 alarmpizoki python[287]: [THREADMON]: DEAD: { name=Thread-2; native_id=302; ident=1967178720 }
Dec 16 12:58:15.738606 alarmpizoki python[287]: [THREADMON.EXIT][SYSTEMD]: stopping systemd notify and triggering systemd watchdog...
Dec 16 12:58:20.744558 alarmpizoki python[287]: [THREADMON]: DEAD: { name=Thread-2; native_id=302; ident=1967178720 }
Dec 16 12:58:20.744558 alarmpizoki python[287]: [THREADMON.EXIT][SYSTEMD]: stopping systemd notify and triggering systemd watchdog...
Dec 16 12:58:25.751116 alarmpizoki python[287]: [THREADMON]: DEAD: { name=Thread-2; native_id=302; ident=1967178720 }
Dec 16 12:58:25.751116 alarmpizoki python[287]: [THREADMON.EXIT][SYSTEMD]: stopping systemd notify and triggering systemd watchdog...
Dec 16 12:58:30.758306 alarmpizoki python[287]: [THREADMON]: DEAD: { name=Thread-2; native_id=302; ident=1967178720 }
Dec 16 12:58:30.758306 alarmpizoki python[287]: [THREADMON.EXIT][SYSTEMD]: stopping systemd notify and triggering systemd watchdog...
Dec 16 12:58:35.764897 alarmpizoki python[287]: [THREADMON]: DEAD: { name=Thread-2; native_id=302; ident=1967178720 }
Dec 16 12:58:35.764897 alarmpizoki python[287]: [THREADMON.EXIT][SYSTEMD]: stopping systemd notify and triggering systemd watchdog...
Dec 16 12:58:40.772061 alarmpizoki python[287]: [THREADMON]: DEAD: { name=Thread-2; native_id=302; ident=1967178720 }
Dec 16 12:58:40.772061 alarmpizoki python[287]: [THREADMON.EXIT][SYSTEMD]: stopping systemd notify and triggering systemd watchdog...
Dec 16 12:58:45.778638 alarmpizoki python[287]: [THREADMON]: DEAD: { name=Thread-2; native_id=302; ident=1967178720 }
Dec 16 12:58:45.778638 alarmpizoki python[287]: [THREADMON.EXIT][SYSTEMD]: stopping systemd notify and triggering systemd watchdog...
Dec 16 12:58:50.785027 alarmpizoki python[287]: [THREADMON]: DEAD: { name=Thread-2; native_id=302; ident=1967178720 }
Dec 16 12:58:50.797038 alarmpizoki python[287]: [THREADMON.EXIT][SYSTEMD]: stopping systemd notify and triggering systemd watchdog...
Dec 16 12:58:55.801788 alarmpizoki python[287]: [THREADMON]: DEAD: { name=Thread-2; native_id=302; ident=1967178720 }
Dec 16 12:58:55.801788 alarmpizoki python[287]: [THREADMON.EXIT][SYSTEMD]: stopping systemd notify and triggering systemd watchdog...
Dec 16 12:59:00.808253 alarmpizoki python[287]: [THREADMON]: DEAD: { name=Thread-2; native_id=302; ident=1967178720 }
Dec 16 12:59:00.815078 alarmpizoki python[287]: [THREADMON.EXIT][SYSTEMD]: stopping systemd notify and triggering systemd watchdog...
Dec 16 12:59:05.820852 alarmpizoki python[287]: [THREADMON]: DEAD: { name=Thread-2; native_id=302; ident=1967178720 }
Dec 16 12:59:05.820852 alarmpizoki python[287]: [THREADMON.EXIT][SYSTEMD]: stopping systemd notify and triggering systemd watchdog...
Dec 16 12:59:10.827278 alarmpizoki python[287]: [THREADMON]: DEAD: { name=Thread-2; native_id=302; ident=1967178720 }
Dec 16 12:59:10.834532 alarmpizoki python[287]: [THREADMON.EXIT][SYSTEMD]: stopping systemd notify and triggering systemd watchdog...
Dec 16 12:59:15.840722 alarmpizoki python[287]: [THREADMON]: DEAD: { name=Thread-2; native_id=302; ident=1967178720 }
Dec 16 12:59:15.840722 alarmpizoki python[287]: [THREADMON.EXIT][SYSTEMD]: stopping systemd notify and triggering systemd watchdog...
Dec 16 12:59:20.847473 alarmpizoki python[287]: [THREADMON]: DEAD: { name=Thread-2; native_id=302; ident=1967178720 }
Dec 16 12:59:20.847473 alarmpizoki python[287]: [THREADMON.EXIT][SYSTEMD]: stopping systemd notify and triggering systemd watchdog...
Dec 16 12:59:25.854120 alarmpizoki python[287]: [THREADMON]: DEAD: { name=Thread-2; native_id=302; ident=1967178720 }
Dec 16 12:59:25.860726 alarmpizoki python[287]: [THREADMON.EXIT][SYSTEMD]: stopping systemd notify and triggering systemd watchdog...
Dec 16 12:59:30.867990 alarmpizoki python[287]: [THREADMON]: DEAD: { name=Thread-2; native_id=302; ident=1967178720 }
Dec 16 12:59:30.867990 alarmpizoki python[287]: [THREADMON.EXIT][SYSTEMD]: stopping systemd notify and triggering systemd watchdog...
Dec 16 12:59:35.874645 alarmpizoki python[287]: [THREADMON]: DEAD: { name=Thread-2; native_id=302; ident=1967178720 }
Dec 16 12:59:35.874645 alarmpizoki python[287]: [THREADMON.EXIT][SYSTEMD]: stopping systemd notify and triggering systemd watchdog...
Dec 16 12:59:40.881232 alarmpizoki python[287]: [THREADMON]: DEAD: { name=Thread-2; native_id=302; ident=1967178720 }
Dec 16 12:59:40.881232 alarmpizoki python[287]: [THREADMON.EXIT][SYSTEMD]: stopping systemd notify and triggering systemd watchdog...
Dec 16 12:59:45.885446 alarmpizoki python[287]: [THREADMON]: DEAD: { name=Thread-2; native_id=302; ident=1967178720 }
Dec 16 12:59:45.885446 alarmpizoki python[287]: [THREADMON.EXIT][SYSTEMD]: stopping systemd notify and triggering systemd watchdog...
Dec 16 12:59:50.891117 alarmpizoki python[287]: [THREADMON]: DEAD: { name=Thread-2; native_id=302; ident=1967178720 }
Dec 16 12:59:50.902921 alarmpizoki python[287]: [THREADMON.EXIT][SYSTEMD]: stopping systemd notify and triggering systemd watchdog...
Dec 16 12:59:55.910115 alarmpizoki python[287]: [THREADMON]: DEAD: { name=Thread-2; native_id=302; ident=1967178720 }
Dec 16 12:59:55.910115 alarmpizoki python[287]: [THREADMON.EXIT][SYSTEMD]: stopping systemd notify and triggering systemd watchdog...
Dec 16 13:00:00.916709 alarmpizoki python[287]: [THREADMON]: DEAD: { name=Thread-2; native_id=302; ident=1967178720 }
Dec 16 13:00:00.916709 alarmpizoki python[287]: [THREADMON.EXIT][SYSTEMD]: stopping systemd notify and triggering systemd watchdog...
Dec 16 13:00:05.923470 alarmpizoki python[287]: [THREADMON]: DEAD: { name=Thread-2; native_id=302; ident=1967178720 }
Dec 16 13:00:05.923470 alarmpizoki python[287]: [THREADMON.EXIT][SYSTEMD]: stopping systemd notify and triggering systemd watchdog...
Dec 16 13:00:10.930672 alarmpizoki python[287]: [THREADMON]: DEAD: { name=Thread-2; native_id=302; ident=1967178720 }
Dec 16 13:00:10.930672 alarmpizoki python[287]: [THREADMON.EXIT][SYSTEMD]: stopping systemd notify and triggering systemd watchdog...
Dec 16 13:00:15.937092 alarmpizoki python[287]: [THREADMON]: DEAD: { name=Thread-2; native_id=302; ident=1967178720 }
Dec 16 13:00:15.945354 alarmpizoki python[287]: [THREADMON.EXIT][SYSTEMD]: stopping systemd notify and triggering systemd watchdog...
Dec 16 13:00:20.950805 alarmpizoki python[287]: [THREADMON]: DEAD: { name=Thread-2; native_id=302; ident=1967178720 }
Dec 16 13:00:20.950805 alarmpizoki python[287]: [THREADMON.EXIT][SYSTEMD]: stopping systemd notify and triggering systemd watchdog...
Dec 16 13:00:25.955338 alarmpizoki python[287]: [THREADMON]: DEAD: { name=Thread-2; native_id=302; ident=1967178720 }
Dec 16 13:00:25.955338 alarmpizoki python[287]: [THREADMON.EXIT][SYSTEMD]: stopping systemd notify and triggering systemd watchdog...
Dec 16 13:00:30.961766 alarmpizoki python[287]: [THREADMON]: DEAD: { name=Thread-2; native_id=302; ident=1967178720 }
Dec 16 13:00:30.969101 alarmpizoki python[287]: [THREADMON.EXIT][SYSTEMD]: stopping systemd notify and triggering systemd watchdog...
Dec 16 13:00:35.975316 alarmpizoki python[287]: [THREADMON]: DEAD: { name=Thread-2; native_id=302; ident=1967178720 }
Dec 16 13:00:35.975316 alarmpizoki python[287]: [THREADMON.EXIT][SYSTEMD]: stopping systemd notify and triggering systemd watchdog...
Dec 16 13:00:40.981727 alarmpizoki python[287]: [THREADMON]: DEAD: { name=Thread-2; native_id=302; ident=1967178720 }
Dec 16 13:00:40.988602 alarmpizoki python[287]: [THREADMON.EXIT][SYSTEMD]: stopping systemd notify and triggering systemd watchdog...
Dec 16 13:00:45.990644 alarmpizoki python[287]: [THREADMON]: DEAD: { name=Thread-2; native_id=302; ident=1967178720 }
Dec 16 13:00:45.997802 alarmpizoki python[287]: [THREADMON.EXIT][SYSTEMD]: stopping systemd notify and triggering systemd watchdog...
Dec 16 13:00:51.000725 alarmpizoki python[287]: [THREADMON]: DEAD: { name=Thread-2; native_id=302; ident=1967178720 }
Dec 16 13:00:51.000725 alarmpizoki python[287]: [THREADMON.EXIT][SYSTEMD]: stopping systemd notify and triggering systemd watchdog...
Dec 16 13:00:56.007337 alarmpizoki python[287]: [THREADMON]: DEAD: { name=Thread-2; native_id=302; ident=1967178720 }
Dec 16 13:00:56.007337 alarmpizoki python[287]: [THREADMON.EXIT][SYSTEMD]: stopping systemd notify and triggering systemd watchdog...
Dec 16 13:01:01.013635 alarmpizoki python[287]: [THREADMON]: DEAD: { name=Thread-2; native_id=302; ident=1967178720 }
Dec 16 13:01:01.013635 alarmpizoki python[287]: [THREADMON.EXIT][SYSTEMD]: stopping systemd notify and triggering systemd watchdog...
Dec 16 13:01:06.020083 alarmpizoki python[287]: [THREADMON]: DEAD: { name=Thread-2; native_id=302; ident=1967178720 }
Dec 16 13:01:06.026937 alarmpizoki python[287]: [THREADMON.EXIT][SYSTEMD]: stopping systemd notify and triggering systemd watchdog...
Dec 16 13:01:11.030624 alarmpizoki python[287]: [THREADMON]: DEAD: { name=Thread-2; native_id=302; ident=1967178720 }
Dec 16 13:01:11.037560 alarmpizoki python[287]: [THREADMON.EXIT][SYSTEMD]: stopping systemd notify and triggering systemd watchdog...
Dec 16 13:01:16.041608 alarmpizoki python[287]: [THREADMON]: DEAD: { name=Thread-2; native_id=302; ident=1967178720 }
Dec 16 13:01:16.041608 alarmpizoki python[287]: [THREADMON.EXIT][SYSTEMD]: stopping systemd notify and triggering systemd watchdog...
Dec 16 13:01:21.044729 alarmpizoki python[287]: [THREADMON]: DEAD: { name=Thread-2; native_id=302; ident=1967178720 }
Dec 16 13:01:21.044729 alarmpizoki python[287]: [THREADMON.EXIT][SYSTEMD]: stopping systemd notify and triggering systemd watchdog...
Dec 16 13:01:26.050869 alarmpizoki python[287]: [THREADMON]: DEAD: { name=Thread-2; native_id=302; ident=1967178720 }
Dec 16 13:01:26.050869 alarmpizoki python[287]: [THREADMON.EXIT][SYSTEMD]: stopping systemd notify and triggering systemd watchdog...
Dec 16 13:01:31.054308 alarmpizoki python[287]: [THREADMON]: DEAD: { name=Thread-2; native_id=302; ident=1967178720 }
Dec 16 13:01:31.054308 alarmpizoki python[287]: [THREADMON.EXIT][SYSTEMD]: stopping systemd notify and triggering systemd watchdog...
Dec 16 13:01:36.060501 alarmpizoki python[287]: [THREADMON]: DEAD: { name=Thread-2; native_id=302; ident=1967178720 }
Dec 16 13:01:36.060501 alarmpizoki python[287]: [THREADMON.EXIT][SYSTEMD]: stopping systemd notify and triggering systemd watchdog...
Dec 16 13:01:41.064558 alarmpizoki python[287]: [THREADMON]: DEAD: { name=Thread-2; native_id=302; ident=1967178720 }
Dec 16 13:01:41.064558 alarmpizoki python[287]: [THREADMON.EXIT][SYSTEMD]: stopping systemd notify and triggering systemd watchdog...
Dec 16 13:01:46.070737 alarmpizoki python[287]: [THREADMON]: DEAD: { name=Thread-2; native_id=302; ident=1967178720 }
Dec 16 13:01:46.070737 alarmpizoki python[287]: [THREADMON.EXIT][SYSTEMD]: stopping systemd notify and triggering systemd watchdog...
Dec 16 13:01:51.074340 alarmpizoki python[287]: [THREADMON]: DEAD: { name=Thread-2; native_id=302; ident=1967178720 }
Dec 16 13:01:51.074340 alarmpizoki python[287]: [THREADMON.EXIT][SYSTEMD]: stopping systemd notify and triggering systemd watchdog...
Dec 16 13:01:56.080522 alarmpizoki python[287]: [THREADMON]: DEAD: { name=Thread-2; native_id=302; ident=1967178720 }
Dec 16 13:01:56.080522 alarmpizoki python[287]: [THREADMON.EXIT][SYSTEMD]: stopping systemd notify and triggering systemd watchdog...
Dec 16 13:02:01.087139 alarmpizoki python[287]: [THREADMON]: DEAD: { name=Thread-2; native_id=302; ident=1967178720 }
Dec 16 13:02:01.087139 alarmpizoki python[287]: [THREADMON.EXIT][SYSTEMD]: stopping systemd notify and triggering systemd watchdog...
Dec 16 13:02:06.093713 alarmpizoki python[287]: [THREADMON]: DEAD: { name=Thread-2; native_id=302; ident=1967178720 }
Dec 16 13:02:06.100297 alarmpizoki python[287]: [THREADMON.EXIT][SYSTEMD]: stopping systemd notify and triggering systemd watchdog...
Dec 16 13:02:11.106930 alarmpizoki python[287]: [THREADMON]: DEAD: { name=Thread-2; native_id=302; ident=1967178720 }
Dec 16 13:02:11.106930 alarmpizoki python[287]: [THREADMON.EXIT][SYSTEMD]: stopping systemd notify and triggering systemd watchdog...
Dec 16 13:02:11.676548 alarmpizoki systemd[280]: Stopping RPI remote mqtt...
Dec 16 13:02:11.694135 alarmpizoki systemd[280]: Stopped RPI remote mqtt.
Dec 16 13:02:11.696193 alarmpizoki systemd[280]: rpi_remote_mqtt.service: Consumed 4.777s CPU time.
Dec 16 13:02:11.724701 alarmpizoki systemd[280]: Starting RPI remote mqtt...
Dec 16 13:02:11.730543 alarmpizoki systemd[280]: Started RPI remote mqtt.
Dec 16 13:02:14.450415 alarmpizoki python[350]: [16.12 13:02:14.448] [INF] [MAIN]: start begin
Dec 16 13:02:14.459262 alarmpizoki python[350]: [THREADMON]: initializing:
Dec 16 13:02:14.459262 alarmpizoki python[350]:         period = 5.0s
Dec 16 13:02:14.459262 alarmpizoki python[350]:         strategy = KILL PROCESS
Dec 16 13:02:14.464459 alarmpizoki python[350]: [THREADMON]: set exit strategy = SYSTEMD WATCHDOG TRIGGER
Dec 16 13:02:14.473287 alarmpizoki python[350]: [THREADMON]: WATCH[total=001]: { name=MainThread; native_id=350; ident=1996070928 }
Dec 16 13:02:15.027268 alarmpizoki python[350]: [16.12 13:02:15.025] [INF] [MAIN]: start end
Dec 16 13:02:15.034897 alarmpizoki python[350]: [THREADMON]: WATCH[total=002]: { name=Thread-2; native_id=352; ident=1967178720 }
Dec 16 13:02:15.038434 alarmpizoki python[350]: [16.12 13:02:15.031] [INF] [LOOP]: main begin
Dec 16 13:02:15.042009 alarmpizoki python[350]: [16.12 13:02:15.040] [INF] [LGC]: init begin
Dec 16 13:02:15.047260 alarmpizoki python[350]: [THREADMON]: WATCH[total=003]: { name=Thread-3; native_id=353; ident=1957688288 }
Dec 16 13:02:15.050981 alarmpizoki python[350]: [16.12 13:02:15.049] [INF] [RPI]: init begin
Dec 16 13:02:15.062849 alarmpizoki python[350]: [16.12 13:02:15.060] [INF] [INA]: gain set to 0.04V
Dec 16 13:02:15.066484 alarmpizoki python[350]: [16.12 13:02:15.065] [DBG] [INA]: shunt ohms: 0.100, bus max volts: 32, shunt volts max: 0.04, bus ADC: 12-bit, shunt ADC: 12-bit
Dec 16 13:02:15.069735 alarmpizoki python[350]: [16.12 13:02:15.068] [INF] [INA]: calibrate called with: bus max volts: 32V, max shunt volts: 0.04V
Dec 16 13:02:15.072878 alarmpizoki python[350]: [16.12 13:02:15.071] [INF] [INA]: max possible current: 0.400A
Dec 16 13:02:15.076411 alarmpizoki python[350]: [16.12 13:02:15.074] [INF] [INA]: current LSB: 1.220e-05 A/bit
Dec 16 13:02:15.079663 alarmpizoki python[350]: [16.12 13:02:15.078] [INF] [INA]: power LSB: 2.439e-04 W/bit
Dec 16 13:02:15.083529 alarmpizoki python[350]: [16.12 13:02:15.081] [INF] [INA]: max current before overflow: 0.3996A
Dec 16 13:02:15.087542 alarmpizoki python[350]: [16.12 13:02:15.086] [INF] [INA]: max shunt voltage before overflow: 39.9598mV
Dec 16 13:02:15.090643 alarmpizoki python[350]: [16.12 13:02:15.089] [INF] [INA]: calibration: 0x8333 (33587)
Dec 16 13:02:15.093980 alarmpizoki python[350]: [16.12 13:02:15.092] [DBG] [INA]: calibration: 0x8333
Dec 16 13:02:15.097246 alarmpizoki python[350]: [16.12 13:02:15.095] [DBG] [INA]: write register 0x05: 0x8333 0b1000001100110011
Dec 16 13:02:15.112188 alarmpizoki python[350]: [16.12 13:02:15.110] [INF] [MQTT]: CONNACK received with code Success.
Dec 16 13:02:15.116768 alarmpizoki python[350]: Exception in thread Thread-2:
Dec 16 13:02:15.118293 alarmpizoki python[350]: Traceback (most recent call last):
Dec 16 13:02:15.124677 alarmpizoki python[350]:   File "/usr/lib/python3.9/site-packages/periphery/i2c.py", line 135, in transfer
Dec 16 13:02:15.127773 alarmpizoki python[350]:     fcntl.ioctl(self._fd, I2C._I2C_IOC_RDWR, i2c_xfer, False)
Dec 16 13:02:15.133213 alarmpizoki python[350]: OSError: [Errno 121] Remote I/O error
Dec 16 13:02:15.133213 alarmpizoki python[350]: During handling of the above exception, another exception occurred:
Dec 16 13:02:15.133213 alarmpizoki python[350]: Traceback (most recent call last):
Dec 16 13:02:15.133213 alarmpizoki python[350]:   File "/usr/lib/python3.9/threading.py", line 973, in _bootstrap_inner
Dec 16 13:02:15.143909 alarmpizoki python[350]:     self.run()
Dec 16 13:02:15.145430 alarmpizoki python[350]:   File "/usr/lib/python3.9/threading.py", line 910, in run
Dec 16 13:02:15.152251 alarmpizoki python[350]: [16.12 13:02:15.150] [INF] [MQTT]: on_subscribe mid[1], granted_qos[[<paho.mqtt.reasoncodes.ReasonCodes object at 0x75fc7b50>]]
Dec 16 13:02:15.163384 alarmpizoki python[350]:     self._target(*self._args, **self._kwargs)
Dec 16 13:02:15.164783 alarmpizoki python[350]:   File "/home/alarm/git/rpi_remote_mqtt/src/main.py", line 29, in main
Dec 16 13:02:15.168445 alarmpizoki python[350]:     logic.init()
Dec 16 13:02:15.169795 alarmpizoki python[350]:   File "/home/alarm/git/rpi_remote_mqtt/src/logic_ekofarma.py", line 88, in init
Dec 16 13:02:15.174243 alarmpizoki python[350]:     rpi_peripherals.init()
Dec 16 13:02:15.175689 alarmpizoki python[350]:   File "/home/alarm/git/rpi_remote_mqtt/src/rpi_peripherals_ekofarma.py", line 72, in init
Dec 16 13:02:15.179707 alarmpizoki python[350]:     ina.configure()
Dec 16 13:02:15.183439 alarmpizoki python[350]:   File "/home/alarm/git/rpi_remote_mqtt/src/ina219.py", line 188, in configure
Dec 16 13:02:15.186389 alarmpizoki python[350]:     self._calibrate(
Dec 16 13:02:15.193284 alarmpizoki python[350]:   File "/home/alarm/git/rpi_remote_mqtt/src/ina219.py", line 312, in _calibrate
Dec 16 13:02:15.193284 alarmpizoki python[350]:     self._calibration_register(calibration)
Dec 16 13:02:15.193284 alarmpizoki python[350]:   File "/home/alarm/git/rpi_remote_mqtt/src/ina219.py", line 357, in _calibration_register
Dec 16 13:02:15.199070 alarmpizoki python[350]:     self.__write_register(self.__REG_CALIBRATION, register_value)
Dec 16 13:02:15.200441 alarmpizoki python[350]:   File "/home/alarm/git/rpi_remote_mqtt/src/ina219.py", line 386, in __write_register
Dec 16 13:02:15.206723 alarmpizoki python[350]:     self._i2c.transfer(self._address, msg)
Dec 16 13:02:15.208244 alarmpizoki python[350]:   File "/usr/lib/python3.9/site-packages/periphery/i2c.py", line 137, in transfer
Dec 16 13:02:15.212622 alarmpizoki python[350]:     raise I2CError(e.errno, "I2C transfer: " + e.strerror)
Dec 16 13:02:15.215872 alarmpizoki python[350]: periphery.i2c.I2CError: [Errno 121] I2C transfer: Remote I/O error
Dec 16 13:02:19.481331 alarmpizoki python[350]: [THREADMON]: DEAD: { name=Thread-2; native_id=352; ident=1967178720 }
Dec 16 13:02:19.481331 alarmpizoki python[350]: [THREADMON.EXIT][SYSTEMD]: stopping systemd notify and triggering systemd watchdog...
Dec 16 13:02:24.487810 alarmpizoki python[350]: [THREADMON]: DEAD: { name=Thread-2; native_id=352; ident=1967178720 }
Dec 16 13:02:24.499465 alarmpizoki python[350]: [THREADMON.EXIT][SYSTEMD]: stopping systemd notify and triggering systemd watchdog...
Dec 16 13:02:29.500886 alarmpizoki python[350]: [THREADMON]: DEAD: { name=Thread-2; native_id=352; ident=1967178720 }
Dec 16 13:02:29.500886 alarmpizoki python[350]: [THREADMON.EXIT][SYSTEMD]: stopping systemd notify and triggering systemd watchdog...
Dec 16 13:02:31.570329 alarmpizoki systemd[280]: Stopping RPI remote mqtt...
Dec 16 13:02:31.585796 alarmpizoki systemd[280]: Stopped RPI remote mqtt.
Dec 16 13:02:31.590685 alarmpizoki systemd[280]: rpi_remote_mqtt.service: Consumed 3.065s CPU time.
