Dec 31 19:05:29.636033 alarmpiekofarma systemd[281]: Started RPI remote mail.
Dec 31 19:05:29.651531 alarmpiekofarma python[20768]: [THREADMON]: initializing:
Dec 31 19:05:29.651531 alarmpiekofarma python[20768]:         period = 5.0s
Dec 31 19:05:29.651531 alarmpiekofarma python[20768]:         strategy = KILL PROCESS
Dec 31 19:05:29.661507 alarmpiekofarma python[20768]: [THREADMON]: set exit strategy = SYSTEMD WATCHDOG TRIGGER
Dec 31 19:05:29.661507 alarmpiekofarma python[20768]: [THREADMON]: WATCH[total=001]: { name=MainThread; native_id=20768; ident=1995845648 }
Dec 31 19:05:29.670442 alarmpiekofarma python[20768]: [THREADMON]: WATCH[total=002]: { name=Thread-2; native_id=20773; ident=1971319776 }
Dec 31 19:05:29.673830 alarmpiekofarma python[20768]: [31.12 19:05:29.672] [INF] boot end
Dec 31 19:05:30.051502 alarmpiekofarma python[20768]: Exception in thread Thread-2:
Dec 31 19:05:30.051502 alarmpiekofarma python[20768]: Traceback (most recent call last):
Dec 31 19:05:30.051502 alarmpiekofarma python[20768]:   File "/home/alarm/git/rpi_remote_mqtt/mail/main.py", line 24, in main_loop
Dec 31 19:05:30.071530 alarmpiekofarma python[20768]:     m = mail_client.Mail(gmail_user=credentials.mail_user, gmail_pass=credentials.mail_pass)
Dec 31 19:05:30.071530 alarmpiekofarma python[20768]:   File "/home/alarm/git/rpi_remote_mqtt/mail/mail_client.py", line 9, in __init__
Dec 31 19:05:30.071530 alarmpiekofarma python[20768]:     self.mail = IMAP4_SSL('imap.gmail.com')  # connects to gmail using imaplib
Dec 31 19:05:30.071530 alarmpiekofarma python[20768]:   File "/usr/lib/python3.9/imaplib.py", line 1324, in __init__
Dec 31 19:05:30.089939 alarmpiekofarma python[20768]:     IMAP4.__init__(self, host, port, timeout)
Dec 31 19:05:30.091917 alarmpiekofarma python[20768]:   File "/usr/lib/python3.9/imaplib.py", line 202, in __init__
Dec 31 19:05:30.097368 alarmpiekofarma python[20768]:     self.open(host, port, timeout)
Dec 31 19:05:30.098979 alarmpiekofarma python[20768]:   File "/usr/lib/python3.9/imaplib.py", line 1337, in open
Dec 31 19:05:30.131576 alarmpiekofarma python[20768]:     IMAP4.open(self, host, port, timeout)
Dec 31 19:05:30.133369 alarmpiekofarma python[20768]:   File "/usr/lib/python3.9/imaplib.py", line 312, in open
Dec 31 19:05:30.139254 alarmpiekofarma python[20768]:     self.sock = self._create_socket(timeout)
Dec 31 19:05:30.140879 alarmpiekofarma python[20768]:   File "/usr/lib/python3.9/imaplib.py", line 1328, in _create_socket
Dec 31 19:05:30.158765 alarmpiekofarma python[20768]:     return self.ssl_context.wrap_socket(sock,
Dec 31 19:05:30.160478 alarmpiekofarma python[20768]:   File "/usr/lib/python3.9/ssl.py", line 500, in wrap_socket
Dec 31 19:05:30.177338 alarmpiekofarma python[20768]:     return self.sslsocket_class._create(
Dec 31 19:05:30.179044 alarmpiekofarma python[20768]:   File "/usr/lib/python3.9/ssl.py", line 1040, in _create
Dec 31 19:05:30.202076 alarmpiekofarma python[20768]:     self.do_handshake()
Dec 31 19:05:30.203793 alarmpiekofarma python[20768]:   File "/usr/lib/python3.9/ssl.py", line 1309, in do_handshake
Dec 31 19:05:30.222166 alarmpiekofarma python[20768]:     self._sslobj.do_handshake()
Dec 31 19:05:30.241522 alarmpiekofarma python[20768]: ConnectionResetError: [Errno 104] Connection reset by peer
Dec 31 19:05:30.241522 alarmpiekofarma python[20768]: During handling of the above exception, another exception occurred:
Dec 31 19:05:30.241522 alarmpiekofarma python[20768]: Traceback (most recent call last):
Dec 31 19:05:30.241522 alarmpiekofarma python[20768]:   File "/usr/lib/python3.9/threading.py", line 973, in _bootstrap_inner
Dec 31 19:05:30.241522 alarmpiekofarma python[20768]:     self.run()
Dec 31 19:05:30.241522 alarmpiekofarma python[20768]:   File "/usr/lib/python3.9/threading.py", line 910, in run
Dec 31 19:05:30.267274 alarmpiekofarma python[20768]:     self._target(*self._args, **self._kwargs)
Dec 31 19:05:30.268979 alarmpiekofarma python[20768]:   File "/home/alarm/git/rpi_remote_mqtt/mail/main.py", line 34, in main_loop
Dec 31 19:05:30.273391 alarmpiekofarma python[20768]:     logger.error("Cant read with error %e" % (e))
Dec 31 19:05:30.278535 alarmpiekofarma python[20768]: TypeError: must be real number, not ConnectionResetError
Dec 31 19:05:30.278535 alarmpiekofarma python[20768]: Exception ignored in: <function Mail.__del__ at 0x76644bf8>
Dec 31 19:05:30.278535 alarmpiekofarma python[20768]: Traceback (most recent call last):
Dec 31 19:05:30.278535 alarmpiekofarma python[20768]:   File "/home/alarm/git/rpi_remote_mqtt/mail/mail_client.py", line 19, in __del__
Dec 31 19:05:30.278535 alarmpiekofarma python[20768]:     if self.mail:
Dec 31 19:05:30.278535 alarmpiekofarma python[20768]: AttributeError: 'Mail' object has no attribute 'mail'
Dec 31 19:05:34.664743 alarmpiekofarma python[20768]: [THREADMON]: DEAD: { name=Thread-2; native_id=20773; ident=1971319776 }
Dec 31 19:05:34.664743 alarmpiekofarma python[20768]: [THREADMON.EXIT][SYSTEMD]: stopping systemd notify and triggering systemd watchdog...
Dec 31 19:05:34.663360 alarmpiekofarma systemd[281]: rpi_remote_mail.service: Watchdog request (last status: <unset>)!
Dec 31 19:05:34.663642 alarmpiekofarma systemd[281]: rpi_remote_mail.service: Killing process 20768 (python) with signal SIGABRT.
Dec 31 19:05:43.829333 alarmpiekofarma systemd-coredump[20775]: [LNK] Process 20768 (python) of user 1000 dumped core.
                                                                
                                                                Found module linux-vdso.so.1 with build-id: ce7a7e080cb8ebb386429fa96974b608f3798f40
                                                                Found module libnss_resolve.so.2 with build-id: 2b55116e733374be6364d16cbe2d0c00cd276666
                                                                Found module libnss_myhostname.so.2 with build-id: d7f5ce81537f4ad0f30fe8d116ee8f0cbd337a53
                                                                Found module libcap.so.2 with build-id: 3fb62215ea40bc819166e2a0d400c279097f7fad
                                                                Found module librt.so.1 with build-id: d055d1f6dd2c1a898fcaef056081842f7b884e2c
                                                                Found module libnss_mymachines.so.2 with build-id: 02ada9b7866ae10ba67e98d5b4628a3320eeb163
                                                                Found module libnss_files.so.2 with build-id: f90ffa681bfb058a4b40f84abea6da5ab63404e5
                                                                Found module unicodedata.cpython-39-arm-linux-gnueabihf.so with build-id: 3acadc646458539ab0568b3ecc52799023290226
                                                                Found module _queue.cpython-39-arm-linux-gnueabihf.so with build-id: 3dba046ebe5edef53227ae025753b0de78cf90ab
                                                                Found module _pickle.cpython-39-arm-linux-gnueabihf.so with build-id: 5d8f33dc0dfef992b960a01e7ef3aea320520e97
                                                                Found module termios.cpython-39-arm-linux-gnueabihf.so with build-id: da8e40b91fb1d435758fc15d767fa35dd3002499
                                                                Found module liblzma.so.5 with build-id: 00c6a075e8fce9c9a5d6fa292f5331f5519a8077
                                                                Found module _lzma.cpython-39-arm-linux-gnueabihf.so with build-id: c4085fdbfbfd3d019efd5ff1bd6e1e3bdadf800a
                                                                Found module libbz2.so.1.0 with build-id: fb8ebf7c690fa0532f40745a047a8eb4d50a739b
                                                                Found module _bz2.cpython-39-arm-linux-gnueabihf.so with build-id: 957ae6c74e97c73c953a9f6768e219eefc1b72e1
                                                                Found module zlib.cpython-39-arm-linux-gnueabihf.so with build-id: 6f8fea10abacb6b2acb4f65598988e2aa383b59f
                                                                Found module libcrypto.so.1.1 with build-id: 0741f18b374319046ac3dfde13b7cc1b07bc37cb
                                                                Found module libssl.so.1.1 with build-id: 11ba01b26578cf37844f2d3d61c177069c263c86
                                                                Found module _ssl.cpython-39-arm-linux-gnueabihf.so with build-id: e2f80b6f00a4261ca2fa6e1c716743e7e009c4e5
                                                                Found module _datetime.cpython-39-arm-linux-gnueabihf.so with build-id: f80c603ed887d43432667f6ec660a6e0dc6db259
                                                                Found module _posixsubprocess.cpython-39-arm-linux-gnueabihf.so with build-id: 97df7ebb8b7214e994ed399676d5440e4ad5cdec
                                                                Found module grp.cpython-39-arm-linux-gnueabihf.so with build-id: 979af0aa884bf253065890469b67413c07019d16
                                                                Found module array.cpython-39-arm-linux-gnueabihf.so with build-id: d567ea50d61054b9892aed2b39e3924b4ccf1d35
                                                                Found module select.cpython-39-arm-linux-gnueabihf.so with build-id: 250aac61b87c16b4f20be270a830eda8b7fc85fe
                                                                Found module _socket.cpython-39-arm-linux-gnueabihf.so with build-id: 5fd32e3a524622307ecab49babcb97ec0cf64a4e
                                                                Found module _sha512.cpython-39-arm-linux-gnueabihf.so with build-id: 2ea7095451538225d0d2b420fa0c850b30d172a9
                                                                Found module _random.cpython-39-arm-linux-gnueabihf.so with build-id: a461972012a2e00e018f845916acc723376576e5
                                                                Found module _bisect.cpython-39-arm-linux-gnueabihf.so with build-id: 7b4442606a445795188ef6ab20a6886517b9c06b
                                                                Found module math.cpython-39-arm-linux-gnueabihf.so with build-id: 5b6afe8a7a9f1d05c4dd2f93b7a8215ca6b78a73
                                                                Found module _struct.cpython-39-arm-linux-gnueabihf.so with build-id: 89c3b6ff6264180164f60ebdf8135496452b493d
                                                                Found module libz.so.1 with build-id: ecba9755d5157a42cfb704e31cab482b904c2e56
                                                                Found module binascii.cpython-39-arm-linux-gnueabihf.so with build-id: 8174ce6c0856d660624cc1db09f0364105a2d2c9
                                                                Found module _heapq.cpython-39-arm-linux-gnueabihf.so with build-id: 2a694a68709723dd4ef42a196243cdc02171f9b4
                                                                Found module ld-linux-armhf.so.3 with build-id: 4f0af70a6fb97ad09ae97959408fde44fd035a29
                                                                Found module libm.so.6 with build-id: 659b0ceef249214685cf3d37897e1b1088fb1ae3
                                                                Found module libutil.so.1 with build-id: ae13b0526761fa2c0faa17b82dc20c6690146e82
                                                                Found module libdl.so.2 with build-id: f18b1d26e4cf93f962008747fdc52c85e9f21de9
                                                                Found module libpthread.so.0 with build-id: e0dd3840e2100b8a261c549b76f8e31a2334c6d7
                                                                Found module libc.so.6 with build-id: 4169f66ab46e08cac27eda835cadd2ef5969a9d1
                                                                Found module libpython3.9.so.1.0 with build-id: 8a8237f1becf65fea0bc40e0d8c511a731859b50
                                                                Found module python3.9 with build-id: ccb27581b84e726db716920c0ee15c3ca9458913
                                                                Stack trace of thread 20768:
                                                                #0  0x0000000076a96ed8 do_futex_wait.constprop.0 (libpthread.so.0 + 0x11ed8)
Dec 31 19:05:44.045830 alarmpiekofarma systemd[281]: rpi_remote_mail.service: Main process exited, code=dumped, status=6/ABRT
Dec 31 19:05:44.060587 alarmpiekofarma systemd[281]: rpi_remote_mail.service: Failed with result 'watchdog'.
Dec 31 19:05:44.074788 alarmpiekofarma systemd[281]: rpi_remote_mail.service: Consumed 2.288s CPU time.
Dec 31 19:05:45.223775 alarmpiekofarma systemd[281]: rpi_remote_mail.service: Scheduled restart job, restart counter is at 644.
Dec 31 19:05:45.228345 alarmpiekofarma systemd[281]: Stopped RPI remote mail.
Dec 31 19:05:45.228590 alarmpiekofarma systemd[281]: rpi_remote_mail.service: Consumed 2.288s CPU time.
Dec 31 19:05:45.249807 alarmpiekofarma systemd[281]: Starting RPI remote mail...
Dec 31 19:05:49.444823 alarmpiekofarma python[20784]: [31.12 19:05:49.442] [INF] boot start
Dec 31 19:05:49.462415 alarmpiekofarma python[20784]: [THREADMON]: initializing:
Dec 31 19:05:49.462415 alarmpiekofarma python[20784]:         period = 5.0s
Dec 31 19:05:49.462415 alarmpiekofarma python[20784]:         strategy = KILL PROCESS
Dec 31 19:05:49.451970 alarmpiekofarma systemd[281]: Started RPI remote mail.
Dec 31 19:05:49.483626 alarmpiekofarma python[20784]: [THREADMON]: set exit strategy = SYSTEMD WATCHDOG TRIGGER
Dec 31 19:05:49.483626 alarmpiekofarma python[20784]: [THREADMON]: WATCH[total=001]: { name=MainThread; native_id=20784; ident=1995722768 }
Dec 31 19:05:49.483626 alarmpiekofarma python[20784]: [THREADMON]: WATCH[total=002]: { name=Thread-2; native_id=20789; ident=1971319776 }
Dec 31 19:05:49.483626 alarmpiekofarma python[20784]: [31.12 19:05:49.481] [INF] boot end
Dec 31 19:05:49.821450 alarmpiekofarma python[20784]: Exception in thread Thread-2:
Dec 31 19:05:49.826067 alarmpiekofarma python[20784]: Traceback (most recent call last):
Dec 31 19:05:49.826067 alarmpiekofarma python[20784]:   File "/home/alarm/git/rpi_remote_mqtt/mail/main.py", line 24, in main_loop
Dec 31 19:05:49.826067 alarmpiekofarma python[20784]:     m = mail_client.Mail(gmail_user=credentials.mail_user, gmail_pass=credentials.mail_pass)
Dec 31 19:05:49.826067 alarmpiekofarma python[20784]:   File "/home/alarm/git/rpi_remote_mqtt/mail/mail_client.py", line 9, in __init__
Dec 31 19:05:49.851521 alarmpiekofarma python[20784]:     self.mail = IMAP4_SSL('imap.gmail.com')  # connects to gmail using imaplib
Dec 31 19:05:49.851521 alarmpiekofarma python[20784]:   File "/usr/lib/python3.9/imaplib.py", line 1324, in __init__
Dec 31 19:05:49.862309 alarmpiekofarma python[20784]:     IMAP4.__init__(self, host, port, timeout)
Dec 31 19:05:49.864013 alarmpiekofarma python[20784]:   File "/usr/lib/python3.9/imaplib.py", line 202, in __init__
Dec 31 19:05:49.872093 alarmpiekofarma python[20784]:     self.open(host, port, timeout)
Dec 31 19:05:49.873783 alarmpiekofarma python[20784]:   File "/usr/lib/python3.9/imaplib.py", line 1337, in open
Dec 31 19:05:49.896588 alarmpiekofarma python[20784]:     IMAP4.open(self, host, port, timeout)
Dec 31 19:05:49.898286 alarmpiekofarma python[20784]:   File "/usr/lib/python3.9/imaplib.py", line 312, in open
Dec 31 19:05:49.914525 alarmpiekofarma python[20784]:     self.sock = self._create_socket(timeout)
Dec 31 19:05:49.916235 alarmpiekofarma python[20784]:   File "/usr/lib/python3.9/imaplib.py", line 1328, in _create_socket
Dec 31 19:05:49.942154 alarmpiekofarma python[20784]:     return self.ssl_context.wrap_socket(sock,
Dec 31 19:05:49.943863 alarmpiekofarma python[20784]:   File "/usr/lib/python3.9/ssl.py", line 500, in wrap_socket
Dec 31 19:05:49.951089 alarmpiekofarma python[20784]:     return self.sslsocket_class._create(
Dec 31 19:05:49.953009 alarmpiekofarma python[20784]:   File "/usr/lib/python3.9/ssl.py", line 1040, in _create
Dec 31 19:05:49.974407 alarmpiekofarma python[20784]:     self.do_handshake()
Dec 31 19:05:49.976121 alarmpiekofarma python[20784]:   File "/usr/lib/python3.9/ssl.py", line 1309, in do_handshake
Dec 31 19:05:50.004688 alarmpiekofarma python[20784]:     self._sslobj.do_handshake()
Dec 31 19:05:50.007722 alarmpiekofarma python[20784]: ConnectionResetError: [Errno 104] Connection reset by peer
Dec 31 19:05:50.011558 alarmpiekofarma python[20784]: During handling of the above exception, another exception occurred:
Dec 31 19:05:50.011558 alarmpiekofarma python[20784]: Traceback (most recent call last):
Dec 31 19:05:50.011558 alarmpiekofarma python[20784]:   File "/usr/lib/python3.9/threading.py", line 973, in _bootstrap_inner
Dec 31 19:05:50.032099 alarmpiekofarma python[20784]:     self.run()
Dec 31 19:05:50.033792 alarmpiekofarma python[20784]:   File "/usr/lib/python3.9/threading.py", line 910, in run
Dec 31 19:05:50.048859 alarmpiekofarma python[20784]:     self._target(*self._args, **self._kwargs)
Dec 31 19:05:50.050564 alarmpiekofarma python[20784]:   File "/home/alarm/git/rpi_remote_mqtt/mail/main.py", line 34, in main_loop
Dec 31 19:05:50.054836 alarmpiekofarma python[20784]:     logger.error("Cant read with error %e" % (e))
Dec 31 19:05:50.059905 alarmpiekofarma python[20784]: TypeError: must be real number, not ConnectionResetError
Dec 31 19:05:50.059905 alarmpiekofarma python[20784]: Exception ignored in: <function Mail.__del__ at 0x76626bf8>
Dec 31 19:05:50.059905 alarmpiekofarma python[20784]: Traceback (most recent call last):
Dec 31 19:05:50.059905 alarmpiekofarma python[20784]:   File "/home/alarm/git/rpi_remote_mqtt/mail/mail_client.py", line 19, in __del__
Dec 31 19:05:50.059905 alarmpiekofarma python[20784]:     if self.mail:
Dec 31 19:05:50.059905 alarmpiekofarma python[20784]: AttributeError: 'Mail' object has no attribute 'mail'
Dec 31 19:05:54.479703 alarmpiekofarma python[20784]: [THREADMON]: DEAD: { name=Thread-2; native_id=20789; ident=1971319776 }
Dec 31 19:05:54.479703 alarmpiekofarma python[20784]: [THREADMON.EXIT][SYSTEMD]: stopping systemd notify and triggering systemd watchdog...
Dec 31 19:05:54.478413 alarmpiekofarma systemd[281]: rpi_remote_mail.service: Watchdog request (last status: <unset>)!
Dec 31 19:05:54.478719 alarmpiekofarma systemd[281]: rpi_remote_mail.service: Killing process 20784 (python) with signal SIGABRT.
Dec 31 19:06:03.586632 alarmpiekofarma systemd-coredump[20791]: [LNK] Process 20784 (python) of user 1000 dumped core.
                                                                
                                                                Found module linux-vdso.so.1 with build-id: ce7a7e080cb8ebb386429fa96974b608f3798f40
                                                                Found module libnss_resolve.so.2 with build-id: 2b55116e733374be6364d16cbe2d0c00cd276666
                                                                Found module libnss_myhostname.so.2 with build-id: d7f5ce81537f4ad0f30fe8d116ee8f0cbd337a53
                                                                Found module libcap.so.2 with build-id: 3fb62215ea40bc819166e2a0d400c279097f7fad
                                                                Found module librt.so.1 with build-id: d055d1f6dd2c1a898fcaef056081842f7b884e2c
                                                                Found module libnss_mymachines.so.2 with build-id: 02ada9b7866ae10ba67e98d5b4628a3320eeb163
                                                                Found module libnss_files.so.2 with build-id: f90ffa681bfb058a4b40f84abea6da5ab63404e5
                                                                Found module unicodedata.cpython-39-arm-linux-gnueabihf.so with build-id: 3acadc646458539ab0568b3ecc52799023290226
                                                                Found module _queue.cpython-39-arm-linux-gnueabihf.so with build-id: 3dba046ebe5edef53227ae025753b0de78cf90ab
                                                                Found module _pickle.cpython-39-arm-linux-gnueabihf.so with build-id: 5d8f33dc0dfef992b960a01e7ef3aea320520e97
                                                                Found module termios.cpython-39-arm-linux-gnueabihf.so with build-id: da8e40b91fb1d435758fc15d767fa35dd3002499
                                                                Found module liblzma.so.5 with build-id: 00c6a075e8fce9c9a5d6fa292f5331f5519a8077
                                                                Found module _lzma.cpython-39-arm-linux-gnueabihf.so with build-id: c4085fdbfbfd3d019efd5ff1bd6e1e3bdadf800a
                                                                Found module libbz2.so.1.0 with build-id: fb8ebf7c690fa0532f40745a047a8eb4d50a739b
                                                                Found module _bz2.cpython-39-arm-linux-gnueabihf.so with build-id: 957ae6c74e97c73c953a9f6768e219eefc1b72e1
                                                                Found module zlib.cpython-39-arm-linux-gnueabihf.so with build-id: 6f8fea10abacb6b2acb4f65598988e2aa383b59f
                                                                Found module libcrypto.so.1.1 with build-id: 0741f18b374319046ac3dfde13b7cc1b07bc37cb
                                                                Found module libssl.so.1.1 with build-id: 11ba01b26578cf37844f2d3d61c177069c263c86
                                                                Found module _ssl.cpython-39-arm-linux-gnueabihf.so with build-id: e2f80b6f00a4261ca2fa6e1c716743e7e009c4e5
                                                                Found module _datetime.cpython-39-arm-linux-gnueabihf.so with build-id: f80c603ed887d43432667f6ec660a6e0dc6db259
                                                                Found module _posixsubprocess.cpython-39-arm-linux-gnueabihf.so with build-id: 97df7ebb8b7214e994ed399676d5440e4ad5cdec
                                                                Found module grp.cpython-39-arm-linux-gnueabihf.so with build-id: 979af0aa884bf253065890469b67413c07019d16
                                                                Found module array.cpython-39-arm-linux-gnueabihf.so with build-id: d567ea50d61054b9892aed2b39e3924b4ccf1d35
                                                                Found module select.cpython-39-arm-linux-gnueabihf.so with build-id: 250aac61b87c16b4f20be270a830eda8b7fc85fe
                                                                Found module _socket.cpython-39-arm-linux-gnueabihf.so with build-id: 5fd32e3a524622307ecab49babcb97ec0cf64a4e
                                                                Found module _sha512.cpython-39-arm-linux-gnueabihf.so with build-id: 2ea7095451538225d0d2b420fa0c850b30d172a9
                                                                Found module _random.cpython-39-arm-linux-gnueabihf.so with build-id: a461972012a2e00e018f845916acc723376576e5
                                                                Found module _bisect.cpython-39-arm-linux-gnueabihf.so with build-id: 7b4442606a445795188ef6ab20a6886517b9c06b
                                                                Found module math.cpython-39-arm-linux-gnueabihf.so with build-id: 5b6afe8a7a9f1d05c4dd2f93b7a8215ca6b78a73
                                                                Found module _struct.cpython-39-arm-linux-gnueabihf.so with build-id: 89c3b6ff6264180164f60ebdf8135496452b493d
                                                                Found module libz.so.1 with build-id: ecba9755d5157a42cfb704e31cab482b904c2e56
                                                                Found module binascii.cpython-39-arm-linux-gnueabihf.so with build-id: 8174ce6c0856d660624cc1db09f0364105a2d2c9
                                                                Found module _heapq.cpython-39-arm-linux-gnueabihf.so with build-id: 2a694a68709723dd4ef42a196243cdc02171f9b4
                                                                Found module ld-linux-armhf.so.3 with build-id: 4f0af70a6fb97ad09ae97959408fde44fd035a29
                                                                Found module libm.so.6 with build-id: 659b0ceef249214685cf3d37897e1b1088fb1ae3
                                                                Found module libutil.so.1 with build-id: ae13b0526761fa2c0faa17b82dc20c6690146e82
                                                                Found module libdl.so.2 with build-id: f18b1d26e4cf93f962008747fdc52c85e9f21de9
                                                                Found module libpthread.so.0 with build-id: e0dd3840e2100b8a261c549b76f8e31a2334c6d7
                                                                Found module libc.so.6 with build-id: 4169f66ab46e08cac27eda835cadd2ef5969a9d1
                                                                Found module libpython3.9.so.1.0 with build-id: 8a8237f1becf65fea0bc40e0d8c511a731859b50
                                                                Found module python3.9 with build-id: ccb27581b84e726db716920c0ee15c3ca9458913
                                                                Stack trace of thread 20784:
                                                                #0  0x0000000076a78ed8 do_futex_wait.constprop.0 (libpthread.so.0 + 0x11ed8)
Dec 31 19:06:03.715452 alarmpiekofarma systemd[281]: rpi_remote_mail.service: Main process exited, code=dumped, status=6/ABRT
Dec 31 19:06:03.725036 alarmpiekofarma systemd[281]: rpi_remote_mail.service: Failed with result 'watchdog'.
Dec 31 19:06:03.744765 alarmpiekofarma systemd[281]: rpi_remote_mail.service: Consumed 2.314s CPU time.
Dec 31 19:06:04.973810 alarmpiekofarma systemd[281]: rpi_remote_mail.service: Scheduled restart job, restart counter is at 645.
Dec 31 19:06:04.978353 alarmpiekofarma systemd[281]: Stopped RPI remote mail.
Dec 31 19:06:04.978588 alarmpiekofarma systemd[281]: rpi_remote_mail.service: Consumed 2.314s CPU time.
Dec 31 19:06:04.999724 alarmpiekofarma systemd[281]: Starting RPI remote mail...
Dec 31 19:06:09.074540 alarmpiekofarma python[20802]: [31.12 19:06:09.072] [INF] boot start
Dec 31 19:06:09.086154 alarmpiekofarma systemd[281]: Started RPI remote mail.
Dec 31 19:06:09.098765 alarmpiekofarma python[20802]: [THREADMON]: initializing:
Dec 31 19:06:09.098765 alarmpiekofarma python[20802]:         period = 5.0s
Dec 31 19:06:09.098765 alarmpiekofarma python[20802]:         strategy = KILL PROCESS
Dec 31 19:06:09.106257 alarmpiekofarma python[20802]: [THREADMON]: set exit strategy = SYSTEMD WATCHDOG TRIGGER
Dec 31 19:06:09.106257 alarmpiekofarma python[20802]: [THREADMON]: WATCH[total=001]: { name=MainThread; native_id=20802; ident=1995816976 }
Dec 31 19:06:09.124495 alarmpiekofarma python[20802]: [THREADMON]: WATCH[total=002]: { name=Thread-2; native_id=20807; ident=1971319776 }
Dec 31 19:06:09.124495 alarmpiekofarma python[20802]: [31.12 19:06:09.122] [INF] boot end
Dec 31 19:06:09.451532 alarmpiekofarma python[20802]: Exception in thread Thread-2:
Dec 31 19:06:09.451532 alarmpiekofarma python[20802]: Traceback (most recent call last):
Dec 31 19:06:09.451532 alarmpiekofarma python[20802]:   File "/home/alarm/git/rpi_remote_mqtt/mail/main.py", line 24, in main_loop
Dec 31 19:06:09.471495 alarmpiekofarma python[20802]:     m = mail_client.Mail(gmail_user=credentials.mail_user, gmail_pass=credentials.mail_pass)
Dec 31 19:06:09.471495 alarmpiekofarma python[20802]:   File "/home/alarm/git/rpi_remote_mqtt/mail/mail_client.py", line 9, in __init__
Dec 31 19:06:09.471495 alarmpiekofarma python[20802]:     self.mail = IMAP4_SSL('imap.gmail.com')  # connects to gmail using imaplib
Dec 31 19:06:09.471495 alarmpiekofarma python[20802]:   File "/usr/lib/python3.9/imaplib.py", line 1324, in __init__
Dec 31 19:06:09.494804 alarmpiekofarma python[20802]:     IMAP4.__init__(self, host, port, timeout)
Dec 31 19:06:09.496516 alarmpiekofarma python[20802]:   File "/usr/lib/python3.9/imaplib.py", line 202, in __init__
Dec 31 19:06:09.502265 alarmpiekofarma python[20802]:     self.open(host, port, timeout)
Dec 31 19:06:09.504019 alarmpiekofarma python[20802]:   File "/usr/lib/python3.9/imaplib.py", line 1337, in open
Dec 31 19:06:09.527220 alarmpiekofarma python[20802]:     IMAP4.open(self, host, port, timeout)
Dec 31 19:06:09.528910 alarmpiekofarma python[20802]:   File "/usr/lib/python3.9/imaplib.py", line 312, in open
Dec 31 19:06:09.545223 alarmpiekofarma python[20802]:     self.sock = self._create_socket(timeout)
Dec 31 19:06:09.546937 alarmpiekofarma python[20802]:   File "/usr/lib/python3.9/imaplib.py", line 1328, in _create_socket
Dec 31 19:06:09.572247 alarmpiekofarma python[20802]:     return self.ssl_context.wrap_socket(sock,
Dec 31 19:06:09.573942 alarmpiekofarma python[20802]:   File "/usr/lib/python3.9/ssl.py", line 500, in wrap_socket
Dec 31 19:06:09.581515 alarmpiekofarma python[20802]:     return self.sslsocket_class._create(
Dec 31 19:06:09.583226 alarmpiekofarma python[20802]:   File "/usr/lib/python3.9/ssl.py", line 1040, in _create
Dec 31 19:06:09.605031 alarmpiekofarma python[20802]:     self.do_handshake()
Dec 31 19:06:09.606735 alarmpiekofarma python[20802]:   File "/usr/lib/python3.9/ssl.py", line 1309, in do_handshake
Dec 31 19:06:09.633912 alarmpiekofarma python[20802]:     self._sslobj.do_handshake()
Dec 31 19:06:09.636935 alarmpiekofarma python[20802]: ConnectionResetError: [Errno 104] Connection reset by peer
Dec 31 19:06:09.641501 alarmpiekofarma python[20802]: During handling of the above exception, another exception occurred:
Dec 31 19:06:09.641501 alarmpiekofarma python[20802]: Traceback (most recent call last):
Dec 31 19:06:09.641501 alarmpiekofarma python[20802]:   File "/usr/lib/python3.9/threading.py", line 973, in _bootstrap_inner
Dec 31 19:06:09.662101 alarmpiekofarma python[20802]:     self.run()
Dec 31 19:06:09.664425 alarmpiekofarma python[20802]:   File "/usr/lib/python3.9/threading.py", line 910, in run
Dec 31 19:06:09.694228 alarmpiekofarma python[20802]:     self._target(*self._args, **self._kwargs)
Dec 31 19:06:09.695938 alarmpiekofarma python[20802]:   File "/home/alarm/git/rpi_remote_mqtt/mail/main.py", line 34, in main_loop
Dec 31 19:06:09.699907 alarmpiekofarma python[20802]:     logger.error("Cant read with error %e" % (e))
Dec 31 19:06:09.705811 alarmpiekofarma python[20802]: TypeError: must be real number, not ConnectionResetError
Dec 31 19:06:09.705811 alarmpiekofarma python[20802]: Exception ignored in: <function Mail.__del__ at 0x7663dbf8>
Dec 31 19:06:09.705811 alarmpiekofarma python[20802]: Traceback (most recent call last):
Dec 31 19:06:09.705811 alarmpiekofarma python[20802]:   File "/home/alarm/git/rpi_remote_mqtt/mail/mail_client.py", line 19, in __del__
Dec 31 19:06:09.705811 alarmpiekofarma python[20802]:     if self.mail:
Dec 31 19:06:09.705811 alarmpiekofarma python[20802]: AttributeError: 'Mail' object has no attribute 'mail'
Dec 31 19:06:14.114659 alarmpiekofarma python[20802]: [THREADMON]: DEAD: { name=Thread-2; native_id=20807; ident=1971319776 }
Dec 31 19:06:14.114659 alarmpiekofarma python[20802]: [THREADMON.EXIT][SYSTEMD]: stopping systemd notify and triggering systemd watchdog...
Dec 31 19:06:14.113398 alarmpiekofarma systemd[281]: rpi_remote_mail.service: Watchdog request (last status: <unset>)!
Dec 31 19:06:14.113679 alarmpiekofarma systemd[281]: rpi_remote_mail.service: Killing process 20802 (python) with signal SIGABRT.
Dec 31 19:06:23.448053 alarmpiekofarma systemd-coredump[20809]: [LNK] Process 20802 (python) of user 1000 dumped core.
                                                                
                                                                Found module linux-vdso.so.1 with build-id: ce7a7e080cb8ebb386429fa96974b608f3798f40
                                                                Found module libnss_resolve.so.2 with build-id: 2b55116e733374be6364d16cbe2d0c00cd276666
                                                                Found module libnss_myhostname.so.2 with build-id: d7f5ce81537f4ad0f30fe8d116ee8f0cbd337a53
                                                                Found module libcap.so.2 with build-id: 3fb62215ea40bc819166e2a0d400c279097f7fad
                                                                Found module librt.so.1 with build-id: d055d1f6dd2c1a898fcaef056081842f7b884e2c
                                                                Found module libnss_mymachines.so.2 with build-id: 02ada9b7866ae10ba67e98d5b4628a3320eeb163
                                                                Found module libnss_files.so.2 with build-id: f90ffa681bfb058a4b40f84abea6da5ab63404e5
                                                                Found module unicodedata.cpython-39-arm-linux-gnueabihf.so with build-id: 3acadc646458539ab0568b3ecc52799023290226
                                                                Found module _queue.cpython-39-arm-linux-gnueabihf.so with build-id: 3dba046ebe5edef53227ae025753b0de78cf90ab
                                                                Found module _pickle.cpython-39-arm-linux-gnueabihf.so with build-id: 5d8f33dc0dfef992b960a01e7ef3aea320520e97
                                                                Found module termios.cpython-39-arm-linux-gnueabihf.so with build-id: da8e40b91fb1d435758fc15d767fa35dd3002499
                                                                Found module liblzma.so.5 with build-id: 00c6a075e8fce9c9a5d6fa292f5331f5519a8077
                                                                Found module _lzma.cpython-39-arm-linux-gnueabihf.so with build-id: c4085fdbfbfd3d019efd5ff1bd6e1e3bdadf800a
                                                                Found module libbz2.so.1.0 with build-id: fb8ebf7c690fa0532f40745a047a8eb4d50a739b
                                                                Found module _bz2.cpython-39-arm-linux-gnueabihf.so with build-id: 957ae6c74e97c73c953a9f6768e219eefc1b72e1
                                                                Found module zlib.cpython-39-arm-linux-gnueabihf.so with build-id: 6f8fea10abacb6b2acb4f65598988e2aa383b59f
                                                                Found module libcrypto.so.1.1 with build-id: 0741f18b374319046ac3dfde13b7cc1b07bc37cb
                                                                Found module libssl.so.1.1 with build-id: 11ba01b26578cf37844f2d3d61c177069c263c86
                                                                Found module _ssl.cpython-39-arm-linux-gnueabihf.so with build-id: e2f80b6f00a4261ca2fa6e1c716743e7e009c4e5
                                                                Found module _datetime.cpython-39-arm-linux-gnueabihf.so with build-id: f80c603ed887d43432667f6ec660a6e0dc6db259
                                                                Found module _posixsubprocess.cpython-39-arm-linux-gnueabihf.so with build-id: 97df7ebb8b7214e994ed399676d5440e4ad5cdec
                                                                Found module grp.cpython-39-arm-linux-gnueabihf.so with build-id: 979af0aa884bf253065890469b67413c07019d16
                                                                Found module array.cpython-39-arm-linux-gnueabihf.so with build-id: d567ea50d61054b9892aed2b39e3924b4ccf1d35
                                                                Found module select.cpython-39-arm-linux-gnueabihf.so with build-id: 250aac61b87c16b4f20be270a830eda8b7fc85fe
                                                                Found module _socket.cpython-39-arm-linux-gnueabihf.so with build-id: 5fd32e3a524622307ecab49babcb97ec0cf64a4e
                                                                Found module _sha512.cpython-39-arm-linux-gnueabihf.so with build-id: 2ea7095451538225d0d2b420fa0c850b30d172a9
                                                                Found module _random.cpython-39-arm-linux-gnueabihf.so with build-id: a461972012a2e00e018f845916acc723376576e5
                                                                Found module _bisect.cpython-39-arm-linux-gnueabihf.so with build-id: 7b4442606a445795188ef6ab20a6886517b9c06b
                                                                Found module math.cpython-39-arm-linux-gnueabihf.so with build-id: 5b6afe8a7a9f1d05c4dd2f93b7a8215ca6b78a73
                                                                Found module _struct.cpython-39-arm-linux-gnueabihf.so with build-id: 89c3b6ff6264180164f60ebdf8135496452b493d
                                                                Found module libz.so.1 with build-id: ecba9755d5157a42cfb704e31cab482b904c2e56
                                                                Found module binascii.cpython-39-arm-linux-gnueabihf.so with build-id: 8174ce6c0856d660624cc1db09f0364105a2d2c9
                                                                Found module _heapq.cpython-39-arm-linux-gnueabihf.so with build-id: 2a694a68709723dd4ef42a196243cdc02171f9b4
                                                                Found module ld-linux-armhf.so.3 with build-id: 4f0af70a6fb97ad09ae97959408fde44fd035a29
                                                                Found module libm.so.6 with build-id: 659b0ceef249214685cf3d37897e1b1088fb1ae3
                                                                Found module libutil.so.1 with build-id: ae13b0526761fa2c0faa17b82dc20c6690146e82
                                                                Found module libdl.so.2 with build-id: f18b1d26e4cf93f962008747fdc52c85e9f21de9
                                                                Found module libpthread.so.0 with build-id: e0dd3840e2100b8a261c549b76f8e31a2334c6d7
                                                                Found module libc.so.6 with build-id: 4169f66ab46e08cac27eda835cadd2ef5969a9d1
                                                                Found module libpython3.9.so.1.0 with build-id: 8a8237f1becf65fea0bc40e0d8c511a731859b50
                                                                Found module python3.9 with build-id: ccb27581b84e726db716920c0ee15c3ca9458913
                                                                Stack trace of thread 20802:
                                                                #0  0x0000000076a8fed8 do_futex_wait.constprop.0 (libpthread.so.0 + 0x11ed8)
Dec 31 19:06:23.559446 alarmpiekofarma systemd[281]: rpi_remote_mail.service: Main process exited, code=dumped, status=6/ABRT
Dec 31 19:06:23.568262 alarmpiekofarma systemd[281]: rpi_remote_mail.service: Failed with result 'watchdog'.
Dec 31 19:06:23.580407 alarmpiekofarma systemd[281]: rpi_remote_mail.service: Consumed 2.275s CPU time.
Dec 31 19:06:24.723793 alarmpiekofarma systemd[281]: rpi_remote_mail.service: Scheduled restart job, restart counter is at 646.
Dec 31 19:06:24.728428 alarmpiekofarma systemd[281]: Stopped RPI remote mail.
Dec 31 19:06:24.728664 alarmpiekofarma systemd[281]: rpi_remote_mail.service: Consumed 2.275s CPU time.
Dec 31 19:06:24.750022 alarmpiekofarma systemd[281]: Starting RPI remote mail...
Dec 31 19:06:29.046655 alarmpiekofarma python[20818]: [31.12 19:06:29.045] [INF] boot start
Dec 31 19:06:29.063392 alarmpiekofarma systemd[281]: Started RPI remote mail.
Dec 31 19:06:29.069809 alarmpiekofarma python[20818]: [THREADMON]: initializing:
Dec 31 19:06:29.069809 alarmpiekofarma python[20818]:         period = 5.0s
Dec 31 19:06:29.069809 alarmpiekofarma python[20818]:         strategy = KILL PROCESS
Dec 31 19:06:29.081623 alarmpiekofarma python[20818]: [THREADMON]: set exit strategy = SYSTEMD WATCHDOG TRIGGER
Dec 31 19:06:29.081623 alarmpiekofarma python[20818]: [THREADMON]: WATCH[total=001]: { name=MainThread; native_id=20818; ident=1995591696 }
Dec 31 19:06:29.102667 alarmpiekofarma python[20818]: [THREADMON]: WATCH[total=002]: { name=Thread-2; native_id=20823; ident=1971319776 }
Dec 31 19:06:29.105883 alarmpiekofarma python[20818]: [31.12 19:06:29.104] [INF] boot end
Dec 31 19:06:29.446080 alarmpiekofarma python[20818]: Exception in thread Thread-2:
Dec 31 19:06:29.446080 alarmpiekofarma python[20818]: Traceback (most recent call last):
Dec 31 19:06:29.446080 alarmpiekofarma python[20818]:   File "/home/alarm/git/rpi_remote_mqtt/mail/main.py", line 24, in main_loop
Dec 31 19:06:29.446080 alarmpiekofarma python[20818]:     m = mail_client.Mail(gmail_user=credentials.mail_user, gmail_pass=credentials.mail_pass)
Dec 31 19:06:29.446080 alarmpiekofarma python[20818]:   File "/home/alarm/git/rpi_remote_mqtt/mail/mail_client.py", line 9, in __init__
Dec 31 19:06:29.446080 alarmpiekofarma python[20818]:     self.mail = IMAP4_SSL('imap.gmail.com')  # connects to gmail using imaplib
Dec 31 19:06:29.472918 alarmpiekofarma python[20818]:   File "/usr/lib/python3.9/imaplib.py", line 1324, in __init__
Dec 31 19:06:29.483263 alarmpiekofarma python[20818]:     IMAP4.__init__(self, host, port, timeout)
Dec 31 19:06:29.484987 alarmpiekofarma python[20818]:   File "/usr/lib/python3.9/imaplib.py", line 202, in __init__
Dec 31 19:06:29.490495 alarmpiekofarma python[20818]:     self.open(host, port, timeout)
Dec 31 19:06:29.497744 alarmpiekofarma python[20818]:   File "/usr/lib/python3.9/imaplib.py", line 1337, in open
Dec 31 19:06:29.522228 alarmpiekofarma python[20818]:     IMAP4.open(self, host, port, timeout)
Dec 31 19:06:29.523937 alarmpiekofarma python[20818]:   File "/usr/lib/python3.9/imaplib.py", line 312, in open
Dec 31 19:06:29.530078 alarmpiekofarma python[20818]:     self.sock = self._create_socket(timeout)
Dec 31 19:06:29.531965 alarmpiekofarma python[20818]:   File "/usr/lib/python3.9/imaplib.py", line 1328, in _create_socket
Dec 31 19:06:29.560363 alarmpiekofarma python[20818]:     return self.ssl_context.wrap_socket(sock,
Dec 31 19:06:29.562296 alarmpiekofarma python[20818]:   File "/usr/lib/python3.9/ssl.py", line 500, in wrap_socket
Dec 31 19:06:29.572222 alarmpiekofarma python[20818]:     return self.sslsocket_class._create(
Dec 31 19:06:29.573929 alarmpiekofarma python[20818]:   File "/usr/lib/python3.9/ssl.py", line 1040, in _create
Dec 31 19:06:29.595703 alarmpiekofarma python[20818]:     self.do_handshake()
Dec 31 19:06:29.597420 alarmpiekofarma python[20818]:   File "/usr/lib/python3.9/ssl.py", line 1309, in do_handshake
Dec 31 19:06:29.622174 alarmpiekofarma python[20818]:     self._sslobj.do_handshake()
Dec 31 19:06:29.627179 alarmpiekofarma python[20818]: ConnectionResetError: [Errno 104] Connection reset by peer
Dec 31 19:06:29.631510 alarmpiekofarma python[20818]: During handling of the above exception, another exception occurred:
Dec 31 19:06:29.631510 alarmpiekofarma python[20818]: Traceback (most recent call last):
Dec 31 19:06:29.631510 alarmpiekofarma python[20818]:   File "/usr/lib/python3.9/threading.py", line 973, in _bootstrap_inner
Dec 31 19:06:29.652202 alarmpiekofarma python[20818]:     self.run()
Dec 31 19:06:29.653911 alarmpiekofarma python[20818]:   File "/usr/lib/python3.9/threading.py", line 910, in run
Dec 31 19:06:29.674057 alarmpiekofarma python[20818]:     self._target(*self._args, **self._kwargs)
Dec 31 19:06:29.675784 alarmpiekofarma python[20818]:   File "/home/alarm/git/rpi_remote_mqtt/mail/main.py", line 34, in main_loop
Dec 31 19:06:29.679765 alarmpiekofarma python[20818]:     logger.error("Cant read with error %e" % (e))
Dec 31 19:06:29.685108 alarmpiekofarma python[20818]: TypeError: must be real number, not ConnectionResetError
Dec 31 19:06:29.685108 alarmpiekofarma python[20818]: Exception ignored in: <function Mail.__del__ at 0x76606bf8>
Dec 31 19:06:29.685108 alarmpiekofarma python[20818]: Traceback (most recent call last):
Dec 31 19:06:29.685108 alarmpiekofarma python[20818]:   File "/home/alarm/git/rpi_remote_mqtt/mail/mail_client.py", line 19, in __del__
Dec 31 19:06:29.685108 alarmpiekofarma python[20818]:     if self.mail:
Dec 31 19:06:29.685108 alarmpiekofarma python[20818]: AttributeError: 'Mail' object has no attribute 'mail'
Dec 31 19:06:34.094046 alarmpiekofarma python[20818]: [THREADMON]: DEAD: { name=Thread-2; native_id=20823; ident=1971319776 }
Dec 31 19:06:34.094046 alarmpiekofarma python[20818]: [THREADMON.EXIT][SYSTEMD]: stopping systemd notify and triggering systemd watchdog...
Dec 31 19:06:34.092779 alarmpiekofarma systemd[281]: rpi_remote_mail.service: Watchdog request (last status: <unset>)!
Dec 31 19:06:34.093060 alarmpiekofarma systemd[281]: rpi_remote_mail.service: Killing process 20818 (python) with signal SIGABRT.
Dec 31 19:06:43.297607 alarmpiekofarma systemd-coredump[20825]: [LNK] Process 20818 (python) of user 1000 dumped core.
                                                                
                                                                Found module linux-vdso.so.1 with build-id: ce7a7e080cb8ebb386429fa96974b608f3798f40
                                                                Found module libnss_resolve.so.2 with build-id: 2b55116e733374be6364d16cbe2d0c00cd276666
                                                                Found module libnss_myhostname.so.2 with build-id: d7f5ce81537f4ad0f30fe8d116ee8f0cbd337a53
                                                                Found module libcap.so.2 with build-id: 3fb62215ea40bc819166e2a0d400c279097f7fad
                                                                Found module librt.so.1 with build-id: d055d1f6dd2c1a898fcaef056081842f7b884e2c
                                                                Found module libnss_mymachines.so.2 with build-id: 02ada9b7866ae10ba67e98d5b4628a3320eeb163
                                                                Found module libnss_files.so.2 with build-id: f90ffa681bfb058a4b40f84abea6da5ab63404e5
                                                                Found module unicodedata.cpython-39-arm-linux-gnueabihf.so with build-id: 3acadc646458539ab0568b3ecc52799023290226
                                                                Found module _queue.cpython-39-arm-linux-gnueabihf.so with build-id: 3dba046ebe5edef53227ae025753b0de78cf90ab
                                                                Found module _pickle.cpython-39-arm-linux-gnueabihf.so with build-id: 5d8f33dc0dfef992b960a01e7ef3aea320520e97
                                                                Found module termios.cpython-39-arm-linux-gnueabihf.so with build-id: da8e40b91fb1d435758fc15d767fa35dd3002499
                                                                Found module liblzma.so.5 with build-id: 00c6a075e8fce9c9a5d6fa292f5331f5519a8077
                                                                Found module _lzma.cpython-39-arm-linux-gnueabihf.so with build-id: c4085fdbfbfd3d019efd5ff1bd6e1e3bdadf800a
                                                                Found module libbz2.so.1.0 with build-id: fb8ebf7c690fa0532f40745a047a8eb4d50a739b
                                                                Found module _bz2.cpython-39-arm-linux-gnueabihf.so with build-id: 957ae6c74e97c73c953a9f6768e219eefc1b72e1
                                                                Found module zlib.cpython-39-arm-linux-gnueabihf.so with build-id: 6f8fea10abacb6b2acb4f65598988e2aa383b59f
                                                                Found module libcrypto.so.1.1 with build-id: 0741f18b374319046ac3dfde13b7cc1b07bc37cb
                                                                Found module libssl.so.1.1 with build-id: 11ba01b26578cf37844f2d3d61c177069c263c86
                                                                Found module _ssl.cpython-39-arm-linux-gnueabihf.so with build-id: e2f80b6f00a4261ca2fa6e1c716743e7e009c4e5
                                                                Found module _datetime.cpython-39-arm-linux-gnueabihf.so with build-id: f80c603ed887d43432667f6ec660a6e0dc6db259
                                                                Found module _posixsubprocess.cpython-39-arm-linux-gnueabihf.so with build-id: 97df7ebb8b7214e994ed399676d5440e4ad5cdec
                                                                Found module grp.cpython-39-arm-linux-gnueabihf.so with build-id: 979af0aa884bf253065890469b67413c07019d16
                                                                Found module array.cpython-39-arm-linux-gnueabihf.so with build-id: d567ea50d61054b9892aed2b39e3924b4ccf1d35
                                                                Found module select.cpython-39-arm-linux-gnueabihf.so with build-id: 250aac61b87c16b4f20be270a830eda8b7fc85fe
                                                                Found module _socket.cpython-39-arm-linux-gnueabihf.so with build-id: 5fd32e3a524622307ecab49babcb97ec0cf64a4e
                                                                Found module _sha512.cpython-39-arm-linux-gnueabihf.so with build-id: 2ea7095451538225d0d2b420fa0c850b30d172a9
                                                                Found module _random.cpython-39-arm-linux-gnueabihf.so with build-id: a461972012a2e00e018f845916acc723376576e5
                                                                Found module _bisect.cpython-39-arm-linux-gnueabihf.so with build-id: 7b4442606a445795188ef6ab20a6886517b9c06b
                                                                Found module math.cpython-39-arm-linux-gnueabihf.so with build-id: 5b6afe8a7a9f1d05c4dd2f93b7a8215ca6b78a73
                                                                Found module _struct.cpython-39-arm-linux-gnueabihf.so with build-id: 89c3b6ff6264180164f60ebdf8135496452b493d
                                                                Found module libz.so.1 with build-id: ecba9755d5157a42cfb704e31cab482b904c2e56
                                                                Found module binascii.cpython-39-arm-linux-gnueabihf.so with build-id: 8174ce6c0856d660624cc1db09f0364105a2d2c9
                                                                Found module _heapq.cpython-39-arm-linux-gnueabihf.so with build-id: 2a694a68709723dd4ef42a196243cdc02171f9b4
                                                                Found module ld-linux-armhf.so.3 with build-id: 4f0af70a6fb97ad09ae97959408fde44fd035a29
                                                                Found module libm.so.6 with build-id: 659b0ceef249214685cf3d37897e1b1088fb1ae3
                                                                Found module libutil.so.1 with build-id: ae13b0526761fa2c0faa17b82dc20c6690146e82
                                                                Found module libdl.so.2 with build-id: f18b1d26e4cf93f962008747fdc52c85e9f21de9
                                                                Found module libpthread.so.0 with build-id: e0dd3840e2100b8a261c549b76f8e31a2334c6d7
                                                                Found module libc.so.6 with build-id: 4169f66ab46e08cac27eda835cadd2ef5969a9d1
                                                                Found module libpython3.9.so.1.0 with build-id: 8a8237f1becf65fea0bc40e0d8c511a731859b50
                                                                Found module python3.9 with build-id: ccb27581b84e726db716920c0ee15c3ca9458913
                                                                Stack trace of thread 20818:
                                                                #0  0x0000000076a58ed8 do_futex_wait.constprop.0 (libpthread.so.0 + 0x11ed8)
Dec 31 19:06:43.407922 alarmpiekofarma systemd[281]: rpi_remote_mail.service: Main process exited, code=dumped, status=6/ABRT
Dec 31 19:06:43.417374 alarmpiekofarma systemd[281]: rpi_remote_mail.service: Failed with result 'watchdog'.
Dec 31 19:06:43.436587 alarmpiekofarma systemd[281]: rpi_remote_mail.service: Consumed 2.372s CPU time.
Dec 31 19:06:44.473734 alarmpiekofarma systemd[281]: rpi_remote_mail.service: Scheduled restart job, restart counter is at 647.
Dec 31 19:06:44.479111 alarmpiekofarma systemd[281]: Stopped RPI remote mail.
Dec 31 19:06:44.479341 alarmpiekofarma systemd[281]: rpi_remote_mail.service: Consumed 2.372s CPU time.
Dec 31 19:06:44.500422 alarmpiekofarma systemd[281]: Starting RPI remote mail...
Dec 31 19:06:48.651935 alarmpiekofarma python[20834]: [31.12 19:06:48.640] [INF] boot start
Dec 31 19:06:48.658358 alarmpiekofarma systemd[281]: Started RPI remote mail.
Dec 31 19:06:48.664967 alarmpiekofarma python[20834]: [THREADMON]: initializing:
Dec 31 19:06:48.664967 alarmpiekofarma python[20834]:         period = 5.0s
Dec 31 19:06:48.664967 alarmpiekofarma python[20834]:         strategy = KILL PROCESS
Dec 31 19:06:48.674022 alarmpiekofarma python[20834]: [THREADMON]: set exit strategy = SYSTEMD WATCHDOG TRIGGER
Dec 31 19:06:48.674022 alarmpiekofarma python[20834]: [THREADMON]: WATCH[total=001]: { name=MainThread; native_id=20834; ident=1995542544 }
Dec 31 19:06:48.691459 alarmpiekofarma python[20834]: [THREADMON]: WATCH[total=002]: { name=Thread-2; native_id=20839; ident=1971319776 }
Dec 31 19:06:48.691459 alarmpiekofarma python[20834]: [31.12 19:06:48.682] [INF] boot end
Dec 31 19:06:49.021550 alarmpiekofarma python[20834]: Exception in thread Thread-2:
Dec 31 19:06:49.021550 alarmpiekofarma python[20834]: Traceback (most recent call last):
Dec 31 19:06:49.021550 alarmpiekofarma python[20834]:   File "/home/alarm/git/rpi_remote_mqtt/mail/main.py", line 24, in main_loop
Dec 31 19:06:49.021550 alarmpiekofarma python[20834]:     m = mail_client.Mail(gmail_user=credentials.mail_user, gmail_pass=credentials.mail_pass)
Dec 31 19:06:49.021550 alarmpiekofarma python[20834]:   File "/home/alarm/git/rpi_remote_mqtt/mail/mail_client.py", line 9, in __init__
Dec 31 19:06:49.021550 alarmpiekofarma python[20834]:     self.mail = IMAP4_SSL('imap.gmail.com')  # connects to gmail using imaplib
Dec 31 19:06:49.021550 alarmpiekofarma python[20834]:   File "/usr/lib/python3.9/imaplib.py", line 1324, in __init__
Dec 31 19:06:49.052266 alarmpiekofarma python[20834]:     IMAP4.__init__(self, host, port, timeout)
Dec 31 19:06:49.053988 alarmpiekofarma python[20834]:   File "/usr/lib/python3.9/imaplib.py", line 202, in __init__
Dec 31 19:06:49.059415 alarmpiekofarma python[20834]:     self.open(host, port, timeout)
Dec 31 19:06:49.061024 alarmpiekofarma python[20834]:   File "/usr/lib/python3.9/imaplib.py", line 1337, in open
Dec 31 19:06:49.083953 alarmpiekofarma python[20834]:     IMAP4.open(self, host, port, timeout)
Dec 31 19:06:49.085659 alarmpiekofarma python[20834]:   File "/usr/lib/python3.9/imaplib.py", line 312, in open
Dec 31 19:06:49.102085 alarmpiekofarma python[20834]:     self.sock = self._create_socket(timeout)
Dec 31 19:06:49.103814 alarmpiekofarma python[20834]:   File "/usr/lib/python3.9/imaplib.py", line 1328, in _create_socket
Dec 31 19:06:49.121738 alarmpiekofarma python[20834]:     return self.ssl_context.wrap_socket(sock,
Dec 31 19:06:49.123528 alarmpiekofarma python[20834]:   File "/usr/lib/python3.9/ssl.py", line 500, in wrap_socket
Dec 31 19:06:49.142139 alarmpiekofarma python[20834]:     return self.sslsocket_class._create(
Dec 31 19:06:49.143846 alarmpiekofarma python[20834]:   File "/usr/lib/python3.9/ssl.py", line 1040, in _create
Dec 31 19:06:49.162117 alarmpiekofarma python[20834]:     self.do_handshake()
Dec 31 19:06:49.163828 alarmpiekofarma python[20834]:   File "/usr/lib/python3.9/ssl.py", line 1309, in do_handshake
Dec 31 19:06:49.192171 alarmpiekofarma python[20834]:     self._sslobj.do_handshake()
Dec 31 19:06:49.195222 alarmpiekofarma python[20834]: ConnectionResetError: [Errno 104] Connection reset by peer
Dec 31 19:06:49.201567 alarmpiekofarma python[20834]: During handling of the above exception, another exception occurred:
Dec 31 19:06:49.201567 alarmpiekofarma python[20834]: Traceback (most recent call last):
Dec 31 19:06:49.201567 alarmpiekofarma python[20834]:   File "/usr/lib/python3.9/threading.py", line 973, in _bootstrap_inner
Dec 31 19:06:49.212124 alarmpiekofarma python[20834]:     self.run()
Dec 31 19:06:49.221819 alarmpiekofarma python[20834]:   File "/usr/lib/python3.9/threading.py", line 910, in run
Dec 31 19:06:49.231625 alarmpiekofarma python[20834]:     self._target(*self._args, **self._kwargs)
Dec 31 19:06:49.238535 alarmpiekofarma python[20834]:   File "/home/alarm/git/rpi_remote_mqtt/mail/main.py", line 34, in main_loop
Dec 31 19:06:49.242845 alarmpiekofarma python[20834]:     logger.error("Cant read with error %e" % (e))
Dec 31 19:06:49.248031 alarmpiekofarma python[20834]: TypeError: must be real number, not ConnectionResetError
Dec 31 19:06:49.248031 alarmpiekofarma python[20834]: Exception ignored in: <function Mail.__del__ at 0x765fabf8>
Dec 31 19:06:49.248031 alarmpiekofarma python[20834]: Traceback (most recent call last):
Dec 31 19:06:49.248031 alarmpiekofarma python[20834]:   File "/home/alarm/git/rpi_remote_mqtt/mail/mail_client.py", line 19, in __del__
Dec 31 19:06:49.248031 alarmpiekofarma python[20834]:     if self.mail:
Dec 31 19:06:49.248031 alarmpiekofarma python[20834]: AttributeError: 'Mail' object has no attribute 'mail'
Dec 31 19:06:53.674698 alarmpiekofarma python[20834]: [THREADMON]: DEAD: { name=Thread-2; native_id=20839; ident=1971319776 }
Dec 31 19:06:53.674698 alarmpiekofarma python[20834]: [THREADMON.EXIT][SYSTEMD]: stopping systemd notify and triggering systemd watchdog...
Dec 31 19:06:53.673377 alarmpiekofarma systemd[281]: rpi_remote_mail.service: Watchdog request (last status: <unset>)!
Dec 31 19:06:53.673658 alarmpiekofarma systemd[281]: rpi_remote_mail.service: Killing process 20834 (python) with signal SIGABRT.
Dec 31 19:07:02.821724 alarmpiekofarma systemd-coredump[20841]: [LNK] Process 20834 (python) of user 1000 dumped core.
                                                                
                                                                Found module linux-vdso.so.1 with build-id: ce7a7e080cb8ebb386429fa96974b608f3798f40
                                                                Found module libnss_resolve.so.2 with build-id: 2b55116e733374be6364d16cbe2d0c00cd276666
                                                                Found module libnss_myhostname.so.2 with build-id: d7f5ce81537f4ad0f30fe8d116ee8f0cbd337a53
                                                                Found module libcap.so.2 with build-id: 3fb62215ea40bc819166e2a0d400c279097f7fad
                                                                Found module librt.so.1 with build-id: d055d1f6dd2c1a898fcaef056081842f7b884e2c
                                                                Found module libnss_mymachines.so.2 with build-id: 02ada9b7866ae10ba67e98d5b4628a3320eeb163
                                                                Found module libnss_files.so.2 with build-id: f90ffa681bfb058a4b40f84abea6da5ab63404e5
                                                                Found module unicodedata.cpython-39-arm-linux-gnueabihf.so with build-id: 3acadc646458539ab0568b3ecc52799023290226
                                                                Found module _queue.cpython-39-arm-linux-gnueabihf.so with build-id: 3dba046ebe5edef53227ae025753b0de78cf90ab
                                                                Found module _pickle.cpython-39-arm-linux-gnueabihf.so with build-id: 5d8f33dc0dfef992b960a01e7ef3aea320520e97
                                                                Found module termios.cpython-39-arm-linux-gnueabihf.so with build-id: da8e40b91fb1d435758fc15d767fa35dd3002499
                                                                Found module liblzma.so.5 with build-id: 00c6a075e8fce9c9a5d6fa292f5331f5519a8077
                                                                Found module _lzma.cpython-39-arm-linux-gnueabihf.so with build-id: c4085fdbfbfd3d019efd5ff1bd6e1e3bdadf800a
                                                                Found module libbz2.so.1.0 with build-id: fb8ebf7c690fa0532f40745a047a8eb4d50a739b
                                                                Found module _bz2.cpython-39-arm-linux-gnueabihf.so with build-id: 957ae6c74e97c73c953a9f6768e219eefc1b72e1
                                                                Found module zlib.cpython-39-arm-linux-gnueabihf.so with build-id: 6f8fea10abacb6b2acb4f65598988e2aa383b59f
                                                                Found module libcrypto.so.1.1 with build-id: 0741f18b374319046ac3dfde13b7cc1b07bc37cb
                                                                Found module libssl.so.1.1 with build-id: 11ba01b26578cf37844f2d3d61c177069c263c86
                                                                Found module _ssl.cpython-39-arm-linux-gnueabihf.so with build-id: e2f80b6f00a4261ca2fa6e1c716743e7e009c4e5
                                                                Found module _datetime.cpython-39-arm-linux-gnueabihf.so with build-id: f80c603ed887d43432667f6ec660a6e0dc6db259
                                                                Found module _posixsubprocess.cpython-39-arm-linux-gnueabihf.so with build-id: 97df7ebb8b7214e994ed399676d5440e4ad5cdec
                                                                Found module grp.cpython-39-arm-linux-gnueabihf.so with build-id: 979af0aa884bf253065890469b67413c07019d16
                                                                Found module array.cpython-39-arm-linux-gnueabihf.so with build-id: d567ea50d61054b9892aed2b39e3924b4ccf1d35
                                                                Found module select.cpython-39-arm-linux-gnueabihf.so with build-id: 250aac61b87c16b4f20be270a830eda8b7fc85fe
                                                                Found module _socket.cpython-39-arm-linux-gnueabihf.so with build-id: 5fd32e3a524622307ecab49babcb97ec0cf64a4e
                                                                Found module _sha512.cpython-39-arm-linux-gnueabihf.so with build-id: 2ea7095451538225d0d2b420fa0c850b30d172a9
                                                                Found module _random.cpython-39-arm-linux-gnueabihf.so with build-id: a461972012a2e00e018f845916acc723376576e5
                                                                Found module _bisect.cpython-39-arm-linux-gnueabihf.so with build-id: 7b4442606a445795188ef6ab20a6886517b9c06b
                                                                Found module math.cpython-39-arm-linux-gnueabihf.so with build-id: 5b6afe8a7a9f1d05c4dd2f93b7a8215ca6b78a73
                                                                Found module _struct.cpython-39-arm-linux-gnueabihf.so with build-id: 89c3b6ff6264180164f60ebdf8135496452b493d
                                                                Found module libz.so.1 with build-id: ecba9755d5157a42cfb704e31cab482b904c2e56
                                                                Found module binascii.cpython-39-arm-linux-gnueabihf.so with build-id: 8174ce6c0856d660624cc1db09f0364105a2d2c9
                                                                Found module _heapq.cpython-39-arm-linux-gnueabihf.so with build-id: 2a694a68709723dd4ef42a196243cdc02171f9b4
                                                                Found module ld-linux-armhf.so.3 with build-id: 4f0af70a6fb97ad09ae97959408fde44fd035a29
                                                                Found module libm.so.6 with build-id: 659b0ceef249214685cf3d37897e1b1088fb1ae3
                                                                Found module libutil.so.1 with build-id: ae13b0526761fa2c0faa17b82dc20c6690146e82
                                                                Found module libdl.so.2 with build-id: f18b1d26e4cf93f962008747fdc52c85e9f21de9
                                                                Found module libpthread.so.0 with build-id: e0dd3840e2100b8a261c549b76f8e31a2334c6d7
                                                                Found module libc.so.6 with build-id: 4169f66ab46e08cac27eda835cadd2ef5969a9d1
                                                                Found module libpython3.9.so.1.0 with build-id: 8a8237f1becf65fea0bc40e0d8c511a731859b50
                                                                Found module python3.9 with build-id: ccb27581b84e726db716920c0ee15c3ca9458913
                                                                Stack trace of thread 20834:
                                                                #0  0x0000000076a4ced8 do_futex_wait.constprop.0 (libpthread.so.0 + 0x11ed8)
Dec 31 19:07:02.934567 alarmpiekofarma systemd[281]: rpi_remote_mail.service: Main process exited, code=dumped, status=6/ABRT
Dec 31 19:07:02.950321 alarmpiekofarma systemd[281]: rpi_remote_mail.service: Failed with result 'watchdog'.
Dec 31 19:07:02.965418 alarmpiekofarma systemd[281]: rpi_remote_mail.service: Consumed 2.285s CPU time.
Dec 31 19:07:03.973727 alarmpiekofarma systemd[281]: rpi_remote_mail.service: Scheduled restart job, restart counter is at 648.
Dec 31 19:07:03.978268 alarmpiekofarma systemd[281]: Stopped RPI remote mail.
Dec 31 19:07:03.978497 alarmpiekofarma systemd[281]: rpi_remote_mail.service: Consumed 2.285s CPU time.
Dec 31 19:07:03.999726 alarmpiekofarma systemd[281]: Starting RPI remote mail...
Dec 31 19:07:08.245207 alarmpiekofarma python[20850]: [31.12 19:07:08.243] [INF] boot start
Dec 31 19:07:08.262701 alarmpiekofarma systemd[281]: Started RPI remote mail.
Dec 31 19:07:08.271583 alarmpiekofarma python[20850]: [THREADMON]: initializing:
Dec 31 19:07:08.271583 alarmpiekofarma python[20850]:         period = 5.0s
Dec 31 19:07:08.271583 alarmpiekofarma python[20850]:         strategy = KILL PROCESS
Dec 31 19:07:08.271583 alarmpiekofarma python[20850]: [THREADMON]: set exit strategy = SYSTEMD WATCHDOG TRIGGER
Dec 31 19:07:08.271583 alarmpiekofarma python[20850]: [THREADMON]: WATCH[total=001]: { name=MainThread; native_id=20850; ident=1995718672 }
Dec 31 19:07:08.301734 alarmpiekofarma python[20850]: [THREADMON]: WATCH[total=002]: { name=Thread-2; native_id=20853; ident=1971319776 }
Dec 31 19:07:08.304963 alarmpiekofarma python[20850]: [31.12 19:07:08.303] [INF] boot end
Dec 31 19:07:08.731544 alarmpiekofarma python[20850]: Exception in thread Thread-2:
Dec 31 19:07:08.731544 alarmpiekofarma python[20850]: Traceback (most recent call last):
Dec 31 19:07:08.731544 alarmpiekofarma python[20850]:   File "/home/alarm/git/rpi_remote_mqtt/mail/main.py", line 24, in main_loop
Dec 31 19:07:08.731544 alarmpiekofarma python[20850]:     m = mail_client.Mail(gmail_user=credentials.mail_user, gmail_pass=credentials.mail_pass)
Dec 31 19:07:08.731544 alarmpiekofarma python[20850]:   File "/home/alarm/git/rpi_remote_mqtt/mail/mail_client.py", line 9, in __init__
Dec 31 19:07:08.751519 alarmpiekofarma python[20850]:     self.mail = IMAP4_SSL('imap.gmail.com')  # connects to gmail using imaplib
Dec 31 19:07:08.751519 alarmpiekofarma python[20850]:   File "/usr/lib/python3.9/imaplib.py", line 1324, in __init__
Dec 31 19:07:08.768797 alarmpiekofarma python[20850]:     IMAP4.__init__(self, host, port, timeout)
Dec 31 19:07:08.770506 alarmpiekofarma python[20850]:   File "/usr/lib/python3.9/imaplib.py", line 202, in __init__
Dec 31 19:07:08.776291 alarmpiekofarma python[20850]:     self.open(host, port, timeout)
Dec 31 19:07:08.777978 alarmpiekofarma python[20850]:   File "/usr/lib/python3.9/imaplib.py", line 1337, in open
Dec 31 19:07:08.802878 alarmpiekofarma python[20850]:     IMAP4.open(self, host, port, timeout)
Dec 31 19:07:08.804571 alarmpiekofarma python[20850]:   File "/usr/lib/python3.9/imaplib.py", line 312, in open
Dec 31 19:07:08.822071 alarmpiekofarma python[20850]:     self.sock = self._create_socket(timeout)
Dec 31 19:07:08.823785 alarmpiekofarma python[20850]:   File "/usr/lib/python3.9/imaplib.py", line 1328, in _create_socket
Dec 31 19:07:08.842034 alarmpiekofarma python[20850]:     return self.ssl_context.wrap_socket(sock,
Dec 31 19:07:08.843744 alarmpiekofarma python[20850]:   File "/usr/lib/python3.9/ssl.py", line 500, in wrap_socket
Dec 31 19:07:08.862148 alarmpiekofarma python[20850]:     return self.sslsocket_class._create(
Dec 31 19:07:08.863863 alarmpiekofarma python[20850]:   File "/usr/lib/python3.9/ssl.py", line 1040, in _create
Dec 31 19:07:08.882113 alarmpiekofarma python[20850]:     self.do_handshake()
Dec 31 19:07:08.883822 alarmpiekofarma python[20850]:   File "/usr/lib/python3.9/ssl.py", line 1309, in do_handshake
Dec 31 19:07:08.912622 alarmpiekofarma python[20850]:     self._sslobj.do_handshake()
Dec 31 19:07:08.915661 alarmpiekofarma python[20850]: ConnectionResetError: [Errno 104] Connection reset by peer
Dec 31 19:07:08.921575 alarmpiekofarma python[20850]: During handling of the above exception, another exception occurred:
Dec 31 19:07:08.921575 alarmpiekofarma python[20850]: Traceback (most recent call last):
Dec 31 19:07:08.921575 alarmpiekofarma python[20850]:   File "/usr/lib/python3.9/threading.py", line 973, in _bootstrap_inner
Dec 31 19:07:08.942910 alarmpiekofarma python[20850]:     self.run()
Dec 31 19:07:08.944609 alarmpiekofarma python[20850]:   File "/usr/lib/python3.9/threading.py", line 910, in run
Dec 31 19:07:08.954783 alarmpiekofarma python[20850]:     self._target(*self._args, **self._kwargs)
Dec 31 19:07:08.956508 alarmpiekofarma python[20850]:   File "/home/alarm/git/rpi_remote_mqtt/mail/main.py", line 34, in main_loop
Dec 31 19:07:08.966321 alarmpiekofarma python[20850]:     logger.error("Cant read with error %e" % (e))
Dec 31 19:07:08.971621 alarmpiekofarma python[20850]: TypeError: must be real number, not ConnectionResetError
Dec 31 19:07:08.971621 alarmpiekofarma python[20850]: Exception ignored in: <function Mail.__del__ at 0x76625bf8>
Dec 31 19:07:08.971621 alarmpiekofarma python[20850]: Traceback (most recent call last):
Dec 31 19:07:08.971621 alarmpiekofarma python[20850]:   File "/home/alarm/git/rpi_remote_mqtt/mail/mail_client.py", line 19, in __del__
Dec 31 19:07:08.971621 alarmpiekofarma python[20850]:     if self.mail:
Dec 31 19:07:08.971621 alarmpiekofarma python[20850]: AttributeError: 'Mail' object has no attribute 'mail'
Dec 31 19:07:13.294633 alarmpiekofarma python[20850]: [THREADMON]: DEAD: { name=Thread-2; native_id=20853; ident=1971319776 }
Dec 31 19:07:13.294633 alarmpiekofarma python[20850]: [THREADMON.EXIT][SYSTEMD]: stopping systemd notify and triggering systemd watchdog...
Dec 31 19:07:13.293360 alarmpiekofarma systemd[281]: rpi_remote_mail.service: Watchdog request (last status: <unset>)!
Dec 31 19:07:13.293641 alarmpiekofarma systemd[281]: rpi_remote_mail.service: Killing process 20850 (python) with signal SIGABRT.
Dec 31 19:07:24.269505 alarmpiekofarma systemd-coredump[20857]: [LNK] Process 20850 (python) of user 1000 dumped core.
                                                                
                                                                Found module linux-vdso.so.1 with build-id: ce7a7e080cb8ebb386429fa96974b608f3798f40
                                                                Found module libnss_resolve.so.2 with build-id: 2b55116e733374be6364d16cbe2d0c00cd276666
                                                                Found module libnss_myhostname.so.2 with build-id: d7f5ce81537f4ad0f30fe8d116ee8f0cbd337a53
                                                                Found module libcap.so.2 with build-id: 3fb62215ea40bc819166e2a0d400c279097f7fad
                                                                Found module librt.so.1 with build-id: d055d1f6dd2c1a898fcaef056081842f7b884e2c
                                                                Found module libnss_mymachines.so.2 with build-id: 02ada9b7866ae10ba67e98d5b4628a3320eeb163
                                                                Found module libnss_files.so.2 with build-id: f90ffa681bfb058a4b40f84abea6da5ab63404e5
                                                                Found module unicodedata.cpython-39-arm-linux-gnueabihf.so with build-id: 3acadc646458539ab0568b3ecc52799023290226
                                                                Found module _queue.cpython-39-arm-linux-gnueabihf.so with build-id: 3dba046ebe5edef53227ae025753b0de78cf90ab
                                                                Found module _pickle.cpython-39-arm-linux-gnueabihf.so with build-id: 5d8f33dc0dfef992b960a01e7ef3aea320520e97
                                                                Found module termios.cpython-39-arm-linux-gnueabihf.so with build-id: da8e40b91fb1d435758fc15d767fa35dd3002499
                                                                Found module liblzma.so.5 with build-id: 00c6a075e8fce9c9a5d6fa292f5331f5519a8077
                                                                Found module _lzma.cpython-39-arm-linux-gnueabihf.so with build-id: c4085fdbfbfd3d019efd5ff1bd6e1e3bdadf800a
                                                                Found module libbz2.so.1.0 with build-id: fb8ebf7c690fa0532f40745a047a8eb4d50a739b
                                                                Found module _bz2.cpython-39-arm-linux-gnueabihf.so with build-id: 957ae6c74e97c73c953a9f6768e219eefc1b72e1
                                                                Found module zlib.cpython-39-arm-linux-gnueabihf.so with build-id: 6f8fea10abacb6b2acb4f65598988e2aa383b59f
                                                                Found module libcrypto.so.1.1 with build-id: 0741f18b374319046ac3dfde13b7cc1b07bc37cb
                                                                Found module libssl.so.1.1 with build-id: 11ba01b26578cf37844f2d3d61c177069c263c86
                                                                Found module _ssl.cpython-39-arm-linux-gnueabihf.so with build-id: e2f80b6f00a4261ca2fa6e1c716743e7e009c4e5
                                                                Found module _datetime.cpython-39-arm-linux-gnueabihf.so with build-id: f80c603ed887d43432667f6ec660a6e0dc6db259
                                                                Found module _posixsubprocess.cpython-39-arm-linux-gnueabihf.so with build-id: 97df7ebb8b7214e994ed399676d5440e4ad5cdec
                                                                Found module grp.cpython-39-arm-linux-gnueabihf.so with build-id: 979af0aa884bf253065890469b67413c07019d16
                                                                Found module array.cpython-39-arm-linux-gnueabihf.so with build-id: d567ea50d61054b9892aed2b39e3924b4ccf1d35
                                                                Found module select.cpython-39-arm-linux-gnueabihf.so with build-id: 250aac61b87c16b4f20be270a830eda8b7fc85fe
                                                                Found module _socket.cpython-39-arm-linux-gnueabihf.so with build-id: 5fd32e3a524622307ecab49babcb97ec0cf64a4e
                                                                Found module _sha512.cpython-39-arm-linux-gnueabihf.so with build-id: 2ea7095451538225d0d2b420fa0c850b30d172a9
                                                                Found module _random.cpython-39-arm-linux-gnueabihf.so with build-id: a461972012a2e00e018f845916acc723376576e5
                                                                Found module _bisect.cpython-39-arm-linux-gnueabihf.so with build-id: 7b4442606a445795188ef6ab20a6886517b9c06b
                                                                Found module math.cpython-39-arm-linux-gnueabihf.so with build-id: 5b6afe8a7a9f1d05c4dd2f93b7a8215ca6b78a73
                                                                Found module _struct.cpython-39-arm-linux-gnueabihf.so with build-id: 89c3b6ff6264180164f60ebdf8135496452b493d
                                                                Found module libz.so.1 with build-id: ecba9755d5157a42cfb704e31cab482b904c2e56
                                                                Found module binascii.cpython-39-arm-linux-gnueabihf.so with build-id: 8174ce6c0856d660624cc1db09f0364105a2d2c9
                                                                Found module _heapq.cpython-39-arm-linux-gnueabihf.so with build-id: 2a694a68709723dd4ef42a196243cdc02171f9b4
                                                                Found module ld-linux-armhf.so.3 with build-id: 4f0af70a6fb97ad09ae97959408fde44fd035a29
                                                                Found module libm.so.6 with build-id: 659b0ceef249214685cf3d37897e1b1088fb1ae3
                                                                Found module libutil.so.1 with build-id: ae13b0526761fa2c0faa17b82dc20c6690146e82
                                                                Found module libdl.so.2 with build-id: f18b1d26e4cf93f962008747fdc52c85e9f21de9
                                                                Found module libpthread.so.0 with build-id: e0dd3840e2100b8a261c549b76f8e31a2334c6d7
                                                                Found module libc.so.6 with build-id: 4169f66ab46e08cac27eda835cadd2ef5969a9d1
                                                                Found module libpython3.9.so.1.0 with build-id: 8a8237f1becf65fea0bc40e0d8c511a731859b50
                                                                Found module python3.9 with build-id: ccb27581b84e726db716920c0ee15c3ca9458913
                                                                Stack trace of thread 20850:
                                                                #0  0x0000000076a77ed8 do_futex_wait.constprop.0 (libpthread.so.0 + 0x11ed8)
Dec 31 19:07:24.353323 alarmpiekofarma systemd[281]: rpi_remote_mail.service: Main process exited, code=dumped, status=6/ABRT
Dec 31 19:07:24.358258 alarmpiekofarma systemd[281]: rpi_remote_mail.service: Failed with result 'watchdog'.
Dec 31 19:07:24.368726 alarmpiekofarma systemd[281]: rpi_remote_mail.service: Consumed 2.397s CPU time.
Dec 31 19:07:25.473713 alarmpiekofarma systemd[281]: rpi_remote_mail.service: Scheduled restart job, restart counter is at 649.
Dec 31 19:07:25.478320 alarmpiekofarma systemd[281]: Stopped RPI remote mail.
Dec 31 19:07:25.478551 alarmpiekofarma systemd[281]: rpi_remote_mail.service: Consumed 2.397s CPU time.
Dec 31 19:07:25.499494 alarmpiekofarma systemd[281]: Starting RPI remote mail...
Dec 31 19:07:29.638464 alarmpiekofarma python[20866]: [31.12 19:07:29.636] [INF] boot start
Dec 31 19:07:29.643415 alarmpiekofarma systemd[281]: Started RPI remote mail.
Dec 31 19:07:29.660117 alarmpiekofarma python[20866]: [THREADMON]: initializing:
Dec 31 19:07:29.660117 alarmpiekofarma python[20866]:         period = 5.0s
Dec 31 19:07:29.660117 alarmpiekofarma python[20866]:         strategy = KILL PROCESS
Dec 31 19:07:29.660117 alarmpiekofarma python[20866]: [THREADMON]: set exit strategy = SYSTEMD WATCHDOG TRIGGER
Dec 31 19:07:29.660117 alarmpiekofarma python[20866]: [THREADMON]: WATCH[total=001]: { name=MainThread; native_id=20866; ident=1995681808 }
Dec 31 19:07:29.691532 alarmpiekofarma python[20866]: [THREADMON]: WATCH[total=002]: { name=Thread-2; native_id=20871; ident=1971319776 }
Dec 31 19:07:29.691532 alarmpiekofarma python[20866]: [31.12 19:07:29.668] [INF] boot end
Dec 31 19:07:29.981509 alarmpiekofarma python[20866]: Exception in thread Thread-2:
Dec 31 19:07:29.991555 alarmpiekofarma python[20866]: Traceback (most recent call last):
Dec 31 19:07:29.991555 alarmpiekofarma python[20866]:   File "/home/alarm/git/rpi_remote_mqtt/mail/main.py", line 24, in main_loop
Dec 31 19:07:29.991555 alarmpiekofarma python[20866]:     m = mail_client.Mail(gmail_user=credentials.mail_user, gmail_pass=credentials.mail_pass)
Dec 31 19:07:29.991555 alarmpiekofarma python[20866]:   File "/home/alarm/git/rpi_remote_mqtt/mail/mail_client.py", line 9, in __init__
Dec 31 19:07:29.991555 alarmpiekofarma python[20866]:     self.mail = IMAP4_SSL('imap.gmail.com')  # connects to gmail using imaplib
Dec 31 19:07:29.991555 alarmpiekofarma python[20866]:   File "/usr/lib/python3.9/imaplib.py", line 1324, in __init__
Dec 31 19:07:30.018581 alarmpiekofarma python[20866]:     IMAP4.__init__(self, host, port, timeout)
Dec 31 19:07:30.020340 alarmpiekofarma python[20866]:   File "/usr/lib/python3.9/imaplib.py", line 202, in __init__
Dec 31 19:07:30.031659 alarmpiekofarma python[20866]:     self.open(host, port, timeout)
Dec 31 19:07:30.033378 alarmpiekofarma python[20866]:   File "/usr/lib/python3.9/imaplib.py", line 1337, in open
Dec 31 19:07:30.056442 alarmpiekofarma python[20866]:     IMAP4.open(self, host, port, timeout)
Dec 31 19:07:30.058207 alarmpiekofarma python[20866]:   File "/usr/lib/python3.9/imaplib.py", line 312, in open
Dec 31 19:07:30.072086 alarmpiekofarma python[20866]:     self.sock = self._create_socket(timeout)
Dec 31 19:07:30.073873 alarmpiekofarma python[20866]:   File "/usr/lib/python3.9/imaplib.py", line 1328, in _create_socket
Dec 31 19:07:30.102151 alarmpiekofarma python[20866]:     return self.ssl_context.wrap_socket(sock,
Dec 31 19:07:30.103865 alarmpiekofarma python[20866]:   File "/usr/lib/python3.9/ssl.py", line 500, in wrap_socket
Dec 31 19:07:30.111208 alarmpiekofarma python[20866]:     return self.sslsocket_class._create(
Dec 31 19:07:30.113210 alarmpiekofarma python[20866]:   File "/usr/lib/python3.9/ssl.py", line 1040, in _create
Dec 31 19:07:30.134916 alarmpiekofarma python[20866]:     self.do_handshake()
Dec 31 19:07:30.136617 alarmpiekofarma python[20866]:   File "/usr/lib/python3.9/ssl.py", line 1309, in do_handshake
Dec 31 19:07:30.165551 alarmpiekofarma python[20866]:     self._sslobj.do_handshake()
Dec 31 19:07:30.168593 alarmpiekofarma python[20866]: ConnectionResetError: [Errno 104] Connection reset by peer
Dec 31 19:07:30.171563 alarmpiekofarma python[20866]: During handling of the above exception, another exception occurred:
Dec 31 19:07:30.171563 alarmpiekofarma python[20866]: Traceback (most recent call last):
Dec 31 19:07:30.171563 alarmpiekofarma python[20866]:   File "/usr/lib/python3.9/threading.py", line 973, in _bootstrap_inner
